[2026-02-06 01:54:34] QA run started
[2026-02-06 01:54:34] BackendRoot=C:\Users\ayomc\Desktop\FLIPTRYBE.inc\Fliptrybe\backend
[2026-02-06 01:54:34] BaseUrl=http://127.0.0.1:5000
[2026-02-06 01:54:34] Running migrations
[2026-02-06 01:54:40] INFO  [alembic.runtime.migration] Context impl SQLiteImpl.
[2026-02-06 01:54:40] INFO  [alembic.runtime.migration] Will assume non-transactional DDL.
[2026-02-06 01:54:43] Server started PID=4152
[2026-02-06 01:54:44] [BOOT] health => PASS (200) GET /api/health
[2026-02-06 01:54:47] [BOOT] seed => PASS (201) POST /api/demo/seed
[2026-02-06 01:54:47] Users: buyer=qa_run_buyer_918831656@t.com, driver=qa_run_driver_363161805@t.com, merchant=qa_run_merchant_762289671@t.com, inspector=qa_run_inspector_338459165@t.com
[2026-02-06 01:54:49] [BOOT] register_roles => PASS (201/201/201/201) register buyer/driver/merchant/inspector
[2026-02-06 01:54:52] [BOOT] login_roles => PASS (200/200/200/200) login + token capture
[2026-02-06 01:54:53] [BOOT] admin_approvals => PASS (merchant=200,driver=200) approve role requests
[2026-02-06 01:54:55] Runner exception: A parameter cannot be found that matches parameter name 'Reverse'.
[2026-02-06 01:54:55] [RUNNER] unhandled_exception => FAIL (EXCEPTION) A parameter cannot be found that matches parameter name 'Reverse'.

=== QA RESULT TABLE ===

Phase  Test                Result Status                  Detail                                                            
-----  ----                ------ ------                  ------                                                            
BOOT   health              PASS   200                     GET /api/health                                                   
BOOT   seed                PASS   201                     POST /api/demo/seed                                               
BOOT   register_roles      PASS   201/201/201/201         register buyer/driver/merchant/inspector                          
BOOT   login_roles         PASS   200/200/200/200         login + token capture                                             
BOOT   admin_approvals     PASS   merchant=200,driver=200 approve role requests                                             
RUNNER unhandled_exception FAIL   EXCEPTION               A parameter cannot be found that matches parameter name 'Reverse'.



[2026-02-06 01:54:55] Server stopped PID=4152
