[2026-02-06 03:30:25] QA run started
[2026-02-06 03:30:25] BackendRoot=C:\Users\ayomc\Desktop\FLIPTRYBE.inc\Fliptrybe\backend
[2026-02-06 03:30:26] BaseUrl=http://127.0.0.1:5000
[2026-02-06 03:30:26] Running migrations
[2026-02-06 03:30:35] INFO  [alembic.runtime.migration] Context impl SQLiteImpl.
[2026-02-06 03:30:35] INFO  [alembic.runtime.migration] Will assume non-transactional DDL.
[2026-02-06 03:30:39] Server started PID=11692
[2026-02-06 03:30:51] [BOOT] health => PASS (200) GET /api/health
[2026-02-06 03:30:54] [BOOT] seed => PASS (201) POST /api/demo/seed
[2026-02-06 03:30:54] Users: buyer=qa_run_buyer_380780037@t.com, driver=qa_run_driver_69569853@t.com, merchant=qa_run_merchant_500806499@t.com, inspector=qa_run_inspector_854244239@t.com
[2026-02-06 03:30:57] [BOOT] register_roles => PASS (201/201/201/201) register buyer/driver/merchant/inspector
[2026-02-06 03:31:00] [BOOT] login_roles => PASS (200/200/200/200) login + token capture
[2026-02-06 03:31:02] [BOOT] admin_approvals => PASS (merchant=200,driver=200) approve role requests
[2026-02-06 03:31:04] orderD=18
[2026-02-06 03:31:04] Runner exception: The property 'pickup_code' cannot be found on this object. Verify that the property exists.
[2026-02-06 03:31:04] [RUNNER] unhandled_exception => FAIL (EXCEPTION) The property 'pickup_code' cannot be found on this object. Verify that the property exists.

=== QA RESULT TABLE ===

Phase  Test                Result Status                  Detail                                                                                     
-----  ----                ------ ------                  ------                                                                                     
BOOT   health              PASS   200                     GET /api/health                                                                            
BOOT   seed                PASS   201                     POST /api/demo/seed                                                                        
BOOT   register_roles      PASS   201/201/201/201         register buyer/driver/merchant/inspector                                                   
BOOT   login_roles         PASS   200/200/200/200         login + token capture                                                                      
BOOT   admin_approvals     PASS   merchant=200,driver=200 approve role requests                                                                      
RUNNER unhandled_exception FAIL   EXCEPTION               The property 'pickup_code' cannot be found on this object. Verify that the property exists.



[2026-02-06 03:31:05] Server stopped PID=11692
