[2026-02-06 01:55:23] QA run started
[2026-02-06 01:55:23] BackendRoot=C:\Users\ayomc\Desktop\FLIPTRYBE.inc\Fliptrybe\backend
[2026-02-06 01:55:23] BaseUrl=http://127.0.0.1:5000
[2026-02-06 01:55:23] Running migrations
[2026-02-06 01:55:30] INFO  [alembic.runtime.migration] Context impl SQLiteImpl.
[2026-02-06 01:55:30] INFO  [alembic.runtime.migration] Will assume non-transactional DDL.
[2026-02-06 01:55:33] Server started PID=14580
[2026-02-06 01:55:34] [BOOT] health => PASS (200) GET /api/health
[2026-02-06 01:55:35] [BOOT] seed => FAIL (-1) POST /api/demo/seed
[2026-02-06 01:55:35] Users: buyer=qa_run_buyer_2044778156@t.com, driver=qa_run_driver_1700348834@t.com, merchant=qa_run_merchant_1027329165@t.com, inspector=qa_run_inspector_2359758@t.com
[2026-02-06 01:55:39] [BOOT] register_roles => FAIL (-1/201/201/201) register buyer/driver/merchant/inspector
[2026-02-06 01:55:41] Runner exception: The property 'token' cannot be found on this object. Verify that the property exists.
[2026-02-06 01:55:41] [RUNNER] unhandled_exception => FAIL (EXCEPTION) The property 'token' cannot be found on this object. Verify that the property exists.

=== QA RESULT TABLE ===

Phase  Test                Result Status         Detail                                                                               
-----  ----                ------ ------         ------                                                                               
BOOT   health              PASS   200            GET /api/health                                                                      
BOOT   seed                FAIL   -1             POST /api/demo/seed                                                                  
BOOT   register_roles      FAIL   -1/201/201/201 register buyer/driver/merchant/inspector                                             
RUNNER unhandled_exception FAIL   EXCEPTION      The property 'token' cannot be found on this object. Verify that the property exists.



[2026-02-06 01:55:41] Server stopped PID=14580
