[2026-02-06 03:29:19] QA run started
[2026-02-06 03:29:19] BackendRoot=C:\Users\ayomc\Desktop\FLIPTRYBE.inc\Fliptrybe\backend
[2026-02-06 03:29:19] BaseUrl=http://127.0.0.1:5000
[2026-02-06 03:29:19] Running migrations
[2026-02-06 03:29:31] INFO  [alembic.runtime.migration] Context impl SQLiteImpl.
[2026-02-06 03:29:31] INFO  [alembic.runtime.migration] Will assume non-transactional DDL.
[2026-02-06 03:29:37] Server started PID=6372
[2026-02-06 03:29:51] [BOOT] health => PASS (200) GET /api/health
[2026-02-06 03:29:54] [BOOT] seed => PASS (201) POST /api/demo/seed
[2026-02-06 03:29:54] Users: buyer=qa_run_buyer_741777879@t.com, driver=qa_run_driver_57066942@t.com, merchant=qa_run_merchant_14836420@t.com, inspector=qa_run_inspector_1913228065@t.com
[2026-02-06 03:29:59] [BOOT] register_roles => PASS (201/201/201/201) register buyer/driver/merchant/inspector
[2026-02-06 03:30:01] [BOOT] login_roles => PASS (200/200/200/200) login + token capture
[2026-02-06 03:30:02] [BOOT] admin_approvals => PASS (merchant=200,driver=200) approve role requests
[2026-02-06 03:30:04] [REGRESSION] setup_D => FAIL (availability) 
[2026-02-06 03:30:04] Runner exception: setup D failed
[2026-02-06 03:30:04] [RUNNER] unhandled_exception => FAIL (EXCEPTION) setup D failed

=== QA RESULT TABLE ===

Phase      Test                Result Status                  Detail                                  
-----      ----                ------ ------                  ------                                  
BOOT       health              PASS   200                     GET /api/health                         
BOOT       seed                PASS   201                     POST /api/demo/seed                     
BOOT       register_roles      PASS   201/201/201/201         register buyer/driver/merchant/inspector
BOOT       login_roles         PASS   200/200/200/200         login + token capture                   
BOOT       admin_approvals     PASS   merchant=200,driver=200 approve role requests                   
REGRESSION setup_D             FAIL   availability                                                    
RUNNER     unhandled_exception FAIL   EXCEPTION               setup D failed                          



[2026-02-06 03:30:04] Server stopped PID=6372
