[2026-02-06 01:50:14] QA run started
[2026-02-06 01:50:14] BackendRoot=C:\Users\ayomc\Desktop\FLIPTRYBE.inc\Fliptrybe\backend
[2026-02-06 01:50:14] BaseUrl=http://127.0.0.1:5000
[2026-02-06 01:50:14] Running migrations
[2026-02-06 01:50:19] INFO  [alembic.runtime.migration] Context impl SQLiteImpl.
[2026-02-06 01:50:19] INFO  [alembic.runtime.migration] Will assume non-transactional DDL.
[2026-02-06 01:50:23] Server started PID=19092
[2026-02-06 01:50:35] [BOOT] health => PASS (200) GET /api/health
[2026-02-06 01:50:37] [BOOT] seed => PASS (201) POST /api/demo/seed
[2026-02-06 01:50:37] Users: buyer=qa_run_buyer_1936805790@t.com, driver=qa_run_driver_1278915032@t.com, merchant=qa_run_merchant_968287725@t.com, inspector=qa_run_inspector_2136200540@t.com
[2026-02-06 01:50:39] [BOOT] register_roles => PASS (201/201/201/201) register buyer/driver/merchant/inspector
[2026-02-06 01:50:41] [BOOT] login_roles => PASS (200/200/200/200) login + token capture
[2026-02-06 01:50:42] [BOOT] admin_approvals => PASS (merchant=200,driver=200) approve role requests
[2026-02-06 01:50:43] Runner exception: The property 'rows' cannot be found on this object. Verify that the property exists.
[2026-02-06 01:50:43] [RUNNER] unhandled_exception => FAIL (EXCEPTION) The property 'rows' cannot be found on this object. Verify that the property exists.

=== QA RESULT TABLE ===

Phase  Test                Result Status                  Detail                                                                              
-----  ----                ------ ------                  ------                                                                              
BOOT   health              PASS   200                     GET /api/health                                                                     
BOOT   seed                PASS   201                     POST /api/demo/seed                                                                 
BOOT   register_roles      PASS   201/201/201/201         register buyer/driver/merchant/inspector                                            
BOOT   login_roles         PASS   200/200/200/200         login + token capture                                                               
BOOT   admin_approvals     PASS   merchant=200,driver=200 approve role requests                                                               
RUNNER unhandled_exception FAIL   EXCEPTION               The property 'rows' cannot be found on this object. Verify that the property exists.



[2026-02-06 01:50:43] Server stopped PID=19092
