[2026-02-06 01:53:29] QA run started
[2026-02-06 01:53:29] BackendRoot=C:\Users\ayomc\Desktop\FLIPTRYBE.inc\Fliptrybe\backend
[2026-02-06 01:53:29] BaseUrl=http://127.0.0.1:5000
[2026-02-06 01:53:29] Running migrations
[2026-02-06 01:53:36] INFO  [alembic.runtime.migration] Context impl SQLiteImpl.
[2026-02-06 01:53:36] INFO  [alembic.runtime.migration] Will assume non-transactional DDL.
[2026-02-06 01:53:38] Server started PID=17260
[2026-02-06 01:53:39] [BOOT] health => PASS (200) GET /api/health
[2026-02-06 01:53:42] [BOOT] seed => PASS (201) POST /api/demo/seed
[2026-02-06 01:53:42] Users: buyer=qa_run_buyer_264616803@t.com, driver=qa_run_driver_403329807@t.com, merchant=qa_run_merchant_1199612866@t.com, inspector=qa_run_inspector_459415973@t.com
[2026-02-06 01:53:44] [BOOT] register_roles => PASS (201/201/201/201) register buyer/driver/merchant/inspector
[2026-02-06 01:53:48] [BOOT] login_roles => PASS (200/200/200/200) login + token capture
[2026-02-06 01:53:48] [BOOT] admin_approvals => PASS (merchant=200,driver=200) approve role requests
[2026-02-06 01:53:50] Runner exception: The property 'rows' cannot be found on this object. Verify that the property exists.
[2026-02-06 01:53:50] [RUNNER] unhandled_exception => FAIL (EXCEPTION) The property 'rows' cannot be found on this object. Verify that the property exists.

=== QA RESULT TABLE ===

Phase  Test                Result Status                  Detail                                                                              
-----  ----                ------ ------                  ------                                                                              
BOOT   health              PASS   200                     GET /api/health                                                                     
BOOT   seed                PASS   201                     POST /api/demo/seed                                                                 
BOOT   register_roles      PASS   201/201/201/201         register buyer/driver/merchant/inspector                                            
BOOT   login_roles         PASS   200/200/200/200         login + token capture                                                               
BOOT   admin_approvals     PASS   merchant=200,driver=200 approve role requests                                                               
RUNNER unhandled_exception FAIL   EXCEPTION               The property 'rows' cannot be found on this object. Verify that the property exists.



[2026-02-06 01:53:50] Server stopped PID=17260
