[2026-02-06 04:01:09] OPS run started
[2026-02-06 04:01:09] BackendRoot=C:\Users\ayomc\Desktop\FLIPTRYBE.inc\Fliptrybe\backend
[2026-02-06 04:01:09] BaseUrl=http://127.0.0.1:5000
[2026-02-06 04:01:09] Running migrations
[2026-02-06 04:01:20] INFO  [alembic.runtime.migration] Context impl SQLiteImpl.
[2026-02-06 04:01:20] INFO  [alembic.runtime.migration] Will assume non-transactional DDL.
[2026-02-06 04:01:22] Server started PID=1532
[2026-02-06 04:01:34] [PREFLIGHT] health => PASS (200) GET /api/health
[2026-02-06 04:01:39] [PREFLIGHT] seed => PASS (201) POST /api/demo/seed
[2026-02-06 04:01:41] [PREFLIGHT] register_roles => PASS (201/201/201/201) register buyer/driver/merchant/inspector
[2026-02-06 04:01:44] [PREFLIGHT] admin_approvals => PASS (merchant=200,driver=200) approve role requests
[2026-02-06 04:01:46] [AUTOPILOT] control_plane => PASS (200/200/200) get/toggle/tick
[2026-02-06 04:01:53] [AUTOPILOT] idempotency => PASS (ticks=200/200/200) wallet_txns=4->4, escrow_events=1->1
[2026-02-06 04:01:53] DB SNAP IDEMPOTENCY order=50
[2026-02-06 04:01:55] orders={"value":[50,"completed","RELEASED","2026-02-06 12:01:50.863077",27000.0,"2026-02-06 12:01:47.837276","2026-02-06 12:01:50.777517","opsA_2144356622"],"Count":8}
[2026-02-06 04:01:55] order_events=[{"value":[293,"paid","2026-02-06 12:01:46.416186"],"Count":3},{"value":[294,"created","2026-02-06 12:01:46.437845"],"Count":3},{"value":[295,"availability_yes","2026-02-06 12:01:46.908096"],"Count":3},{"value":[296,"merchant_accepted","2026-02-06 12:01:47.115725"],"Count":3},{"value":[297,"driver_assigned","2026-02-06 12:01:47.261467"],"Count":3},{"value":[298,"picked_up","2026-02-06 12:01:48.428156"],"Count":3},{"value":[299,"picked_up","2026-02-06 12:01:50.190755"],"Count":3},{"value":[300,"escrow_released","2026-02-06 12:01:50.871085"],"Count":3},{"value":[301,"delivered","2026-02-06 12:01:50.887263"],"Count":3},{"value":[302,"completed","2026-02-06 12:01:51.023125"],"Count":3}]
[2026-02-06 04:01:55] escrow_unlocks=[{"value":[54,"pickup_seller",0,1,"2026-02-06 12:01:47.837229"],"Count":5},{"value":[55,"delivery_driver",0,1,"2026-02-06 12:01:50.777486"],"Count":5}]
[2026-02-06 04:01:55] notification_queue=
[2026-02-06 04:01:55] wallet_txns=[{"value":[78,"order_sale",24271.844660194172,"order:50"],"Count":4},{"value":[79,"platform_fee",728.16,"order:50"],"Count":4},{"value":[80,"delivery_fee",1800.0,"order:50"],"Count":4},{"value":[81,"delivery_commission",200.0,"order:50"],"Count":4}]
[2026-02-06 04:01:58] [QUEUE] process_and_dead_letter => FAIL (process=200,list=200,dead_count=0) qIdFound=False, retry=404, requeue=404, requeue_dead=200
[2026-02-06 04:01:59] [TIMEOUTS] availability_run => PASS (200) POST /api/availability/run-timeouts
[2026-02-06 04:01:59] [AUDIT] trace => PASS (ok) audit_rows=11

=== OPS RESULT TABLE ===

Phase     Test                    Result Status                            Detail                                                  
-----     ----                    ------ ------                            ------                                                  
PREFLIGHT health                  PASS   200                               GET /api/health                                         
PREFLIGHT seed                    PASS   201                               POST /api/demo/seed                                     
PREFLIGHT register_roles          PASS   201/201/201/201                   register buyer/driver/merchant/inspector                
PREFLIGHT admin_approvals         PASS   merchant=200,driver=200           approve role requests                                   
AUTOPILOT control_plane           PASS   200/200/200                       get/toggle/tick                                         
AUTOPILOT idempotency             PASS   ticks=200/200/200                 wallet_txns=4->4, escrow_events=1->1                    
QUEUE     process_and_dead_letter FAIL   process=200,list=200,dead_count=0 qIdFound=False, retry=404, requeue=404, requeue_dead=200
TIMEOUTS  availability_run        PASS   200                               POST /api/availability/run-timeouts                     
AUDIT     trace                   PASS   ok                                audit_rows=11                                           



[2026-02-06 04:01:59] TOTAL_FAILS=1
[2026-02-06 04:01:59] Server stopped PID=1532
