[2026-02-06 04:02:47] OPS run started
[2026-02-06 04:02:47] BackendRoot=C:\Users\ayomc\Desktop\FLIPTRYBE.inc\Fliptrybe\backend
[2026-02-06 04:02:47] BaseUrl=http://127.0.0.1:5000
[2026-02-06 04:02:47] Running migrations
[2026-02-06 04:02:58] INFO  [alembic.runtime.migration] Context impl SQLiteImpl.
[2026-02-06 04:02:58] INFO  [alembic.runtime.migration] Will assume non-transactional DDL.
[2026-02-06 04:03:06] Server started PID=6128
[2026-02-06 04:03:19] [PREFLIGHT] health => PASS (200) GET /api/health
[2026-02-06 04:03:24] [PREFLIGHT] seed => PASS (201) POST /api/demo/seed
[2026-02-06 04:03:36] [PREFLIGHT] register_roles => PASS (201/201/201/201) register buyer/driver/merchant/inspector
[2026-02-06 04:03:41] [PREFLIGHT] admin_approvals => PASS (merchant=200,driver=200) approve role requests
[2026-02-06 04:03:44] [AUTOPILOT] control_plane => PASS (200/200/200) get/toggle/tick
[2026-02-06 04:03:57] [AUTOPILOT] idempotency => PASS (ticks=200/200/200) wallet_txns=4->4, escrow_events=1->1
[2026-02-06 04:03:57] DB SNAP IDEMPOTENCY order=51
[2026-02-06 04:03:59] orders={"value":[51,"completed","RELEASED","2026-02-06 12:03:52.929396",27000.0,"2026-02-06 12:03:47.149823","2026-02-06 12:03:52.806678","opsA_674408322"],"Count":8}
[2026-02-06 04:03:59] order_events=[{"value":[303,"paid","2026-02-06 12:03:45.007804"],"Count":3},{"value":[304,"created","2026-02-06 12:03:45.038241"],"Count":3},{"value":[305,"availability_yes","2026-02-06 12:03:45.800039"],"Count":3},{"value":[306,"merchant_accepted","2026-02-06 12:03:46.349029"],"Count":3},{"value":[307,"driver_assigned","2026-02-06 12:03:46.456371"],"Count":3},{"value":[308,"picked_up","2026-02-06 12:03:47.243592"],"Count":3},{"value":[309,"picked_up","2026-02-06 12:03:47.846310"],"Count":3},{"value":[310,"escrow_released","2026-02-06 12:03:52.940320"],"Count":3},{"value":[311,"delivered","2026-02-06 12:03:52.960576"],"Count":3},{"value":[312,"completed","2026-02-06 12:03:53.162908"],"Count":3}]
[2026-02-06 04:03:59] escrow_unlocks=[{"value":[56,"pickup_seller",0,1,"2026-02-06 12:03:47.149780"],"Count":5},{"value":[57,"delivery_driver",0,1,"2026-02-06 12:03:52.806649"],"Count":5}]
[2026-02-06 04:03:59] notification_queue=
[2026-02-06 04:03:59] wallet_txns=[{"value":[82,"order_sale",24271.844660194172,"order:51"],"Count":4},{"value":[83,"platform_fee",728.16,"order:51"],"Count":4},{"value":[84,"delivery_fee",1800.0,"order:51"],"Count":4},{"value":[85,"delivery_commission",200.0,"order:51"],"Count":4}]
[2026-02-06 04:04:05] [QUEUE] process_and_dead_letter => FAIL (process=200,list=200,dead_count=0) qIdFound=False, retry=404, requeue=404, requeue_dead=200
[2026-02-06 04:04:05] [TIMEOUTS] availability_run => PASS (200) POST /api/availability/run-timeouts
[2026-02-06 04:04:05] [AUDIT] trace => PASS (ok) audit_rows=11

=== OPS RESULT TABLE ===

Phase     Test                    Result Status                            Detail                                                  
-----     ----                    ------ ------                            ------                                                  
PREFLIGHT health                  PASS   200                               GET /api/health                                         
PREFLIGHT seed                    PASS   201                               POST /api/demo/seed                                     
PREFLIGHT register_roles          PASS   201/201/201/201                   register buyer/driver/merchant/inspector                
PREFLIGHT admin_approvals         PASS   merchant=200,driver=200           approve role requests                                   
AUTOPILOT control_plane           PASS   200/200/200                       get/toggle/tick                                         
AUTOPILOT idempotency             PASS   ticks=200/200/200                 wallet_txns=4->4, escrow_events=1->1                    
QUEUE     process_and_dead_letter FAIL   process=200,list=200,dead_count=0 qIdFound=False, retry=404, requeue=404, requeue_dead=200
TIMEOUTS  availability_run        PASS   200                               POST /api/availability/run-timeouts                     
AUDIT     trace                   PASS   ok                                audit_rows=11                                           



[2026-02-06 04:04:05] TOTAL_FAILS=1
[2026-02-06 04:04:05] Server stopped PID=6128
