[2026-02-06 03:59:34] OPS run started
[2026-02-06 03:59:34] BackendRoot=C:\Users\ayomc\Desktop\FLIPTRYBE.inc\Fliptrybe\backend
[2026-02-06 03:59:34] BaseUrl=http://127.0.0.1:5000
[2026-02-06 03:59:34] Running migrations
[2026-02-06 03:59:45] INFO  [alembic.runtime.migration] Context impl SQLiteImpl.
[2026-02-06 03:59:45] INFO  [alembic.runtime.migration] Will assume non-transactional DDL.
[2026-02-06 03:59:50] Server started PID=11112
[2026-02-06 04:00:30] [PREFLIGHT] health => PASS (200) GET /api/health
[2026-02-06 04:00:35] [PREFLIGHT] seed => PASS (201) POST /api/demo/seed
[2026-02-06 04:00:45] [PREFLIGHT] register_roles => PASS (201/201/201/201) register buyer/driver/merchant/inspector
[2026-02-06 04:00:50] [PREFLIGHT] admin_approvals => PASS (merchant=200,driver=200) approve role requests
[2026-02-06 04:00:52] [AUTOPILOT] control_plane => PASS (200/200/200) get/toggle/tick
[2026-02-06 04:01:02] [AUTOPILOT] idempotency => PASS (ticks=200/200/200) wallet_txns=4->4, escrow_events=1->1
[2026-02-06 04:01:02] DB SNAP IDEMPOTENCY order=49
[2026-02-06 04:01:04] orders={"value":[49,"completed","RELEASED","2026-02-06 12:00:59.400236",27000.0,"2026-02-06 12:00:58.168867","2026-02-06 12:00:59.292778","opsA_1760520233"],"Count":8}
[2026-02-06 04:01:04] order_events=[{"value":[283,"paid","2026-02-06 12:00:52.785893"],"Count":3},{"value":[284,"created","2026-02-06 12:00:52.809099"],"Count":3},{"value":[285,"availability_yes","2026-02-06 12:00:53.538715"],"Count":3},{"value":[286,"merchant_accepted","2026-02-06 12:00:55.223876"],"Count":3},{"value":[287,"driver_assigned","2026-02-06 12:00:56.542542"],"Count":3},{"value":[288,"picked_up","2026-02-06 12:00:58.247982"],"Count":3},{"value":[289,"picked_up","2026-02-06 12:00:58.374519"],"Count":3},{"value":[290,"escrow_released","2026-02-06 12:00:59.409169"],"Count":3},{"value":[291,"delivered","2026-02-06 12:00:59.454773"],"Count":3},{"value":[292,"completed","2026-02-06 12:01:00.158212"],"Count":3}]
[2026-02-06 04:01:04] escrow_unlocks=[{"value":[52,"pickup_seller",0,1,"2026-02-06 12:00:58.168829"],"Count":5},{"value":[53,"delivery_driver",0,1,"2026-02-06 12:00:59.292751"],"Count":5}]
[2026-02-06 04:01:04] notification_queue=
[2026-02-06 04:01:04] wallet_txns=[{"value":[74,"order_sale",24271.844660194172,"order:49"],"Count":4},{"value":[75,"platform_fee",728.16,"order:49"],"Count":4},{"value":[76,"delivery_fee",1800.0,"order:49"],"Count":4},{"value":[77,"delivery_commission",200.0,"order:49"],"Count":4}]
[2026-02-06 04:01:09] [QUEUE] process_and_dead_letter => FAIL (process=200,list=200,dead_count=0) qIdFound=False, retry=404, requeue=404, requeue_dead=200
[2026-02-06 04:01:09] [TIMEOUTS] availability_run => PASS (200) POST /api/availability/run-timeouts
[2026-02-06 04:01:09] [AUDIT] trace => PASS (ok) audit_rows=11

=== OPS RESULT TABLE ===

Phase     Test                    Result Status                            Detail                                                  
-----     ----                    ------ ------                            ------                                                  
PREFLIGHT health                  PASS   200                               GET /api/health                                         
PREFLIGHT seed                    PASS   201                               POST /api/demo/seed                                     
PREFLIGHT register_roles          PASS   201/201/201/201                   register buyer/driver/merchant/inspector                
PREFLIGHT admin_approvals         PASS   merchant=200,driver=200           approve role requests                                   
AUTOPILOT control_plane           PASS   200/200/200                       get/toggle/tick                                         
AUTOPILOT idempotency             PASS   ticks=200/200/200                 wallet_txns=4->4, escrow_events=1->1                    
QUEUE     process_and_dead_letter FAIL   process=200,list=200,dead_count=0 qIdFound=False, retry=404, requeue=404, requeue_dead=200
TIMEOUTS  availability_run        PASS   200                               POST /api/availability/run-timeouts                     
AUDIT     trace                   PASS   ok                                audit_rows=11                                           



[2026-02-06 04:01:09] TOTAL_FAILS=1
[2026-02-06 04:01:09] Server stopped PID=11112
