[2026-02-06 04:04:05] OPS run started
[2026-02-06 04:04:05] BackendRoot=C:\Users\ayomc\Desktop\FLIPTRYBE.inc\Fliptrybe\backend
[2026-02-06 04:04:05] BaseUrl=http://127.0.0.1:5000
[2026-02-06 04:04:05] Running migrations
[2026-02-06 04:04:16] INFO  [alembic.runtime.migration] Context impl SQLiteImpl.
[2026-02-06 04:04:16] INFO  [alembic.runtime.migration] Will assume non-transactional DDL.
[2026-02-06 04:04:19] Server started PID=11628
[2026-02-06 04:04:39] [PREFLIGHT] health => PASS (200) GET /api/health
[2026-02-06 04:04:43] [PREFLIGHT] seed => PASS (201) POST /api/demo/seed
[2026-02-06 04:04:45] [PREFLIGHT] register_roles => PASS (201/201/201/201) register buyer/driver/merchant/inspector
[2026-02-06 04:04:51] [PREFLIGHT] admin_approvals => PASS (merchant=200,driver=200) approve role requests
[2026-02-06 04:04:54] [AUTOPILOT] control_plane => PASS (200/200/200) get/toggle/tick
[2026-02-06 04:05:07] [AUTOPILOT] idempotency => PASS (ticks=200/200/200) wallet_txns=4->4, escrow_events=1->1
[2026-02-06 04:05:07] DB SNAP IDEMPOTENCY order=52
[2026-02-06 04:05:09] orders={"value":[52,"completed","RELEASED","2026-02-06 12:05:03.153560",27000.0,"2026-02-06 12:04:56.140273","2026-02-06 12:05:02.777609","opsA_1538447837"],"Count":8}
[2026-02-06 04:05:09] order_events=[{"value":[313,"paid","2026-02-06 12:04:54.354619"],"Count":3},{"value":[314,"created","2026-02-06 12:04:54.387466"],"Count":3},{"value":[315,"availability_yes","2026-02-06 12:04:55.004075"],"Count":3},{"value":[316,"merchant_accepted","2026-02-06 12:04:55.296387"],"Count":3},{"value":[317,"driver_assigned","2026-02-06 12:04:55.414656"],"Count":3},{"value":[318,"picked_up","2026-02-06 12:04:56.214755"],"Count":3},{"value":[319,"picked_up","2026-02-06 12:05:01.843764"],"Count":3},{"value":[320,"escrow_released","2026-02-06 12:05:03.161726"],"Count":3},{"value":[321,"delivered","2026-02-06 12:05:03.179143"],"Count":3},{"value":[322,"completed","2026-02-06 12:05:03.397302"],"Count":3}]
[2026-02-06 04:05:09] escrow_unlocks=[{"value":[58,"pickup_seller",0,1,"2026-02-06 12:04:56.140231"],"Count":5},{"value":[59,"delivery_driver",0,1,"2026-02-06 12:05:02.777579"],"Count":5}]
[2026-02-06 04:05:09] notification_queue=
[2026-02-06 04:05:09] wallet_txns=[{"value":[86,"order_sale",24271.844660194172,"order:52"],"Count":4},{"value":[87,"platform_fee",728.16,"order:52"],"Count":4},{"value":[88,"delivery_fee",1800.0,"order:52"],"Count":4},{"value":[89,"delivery_commission",200.0,"order:52"],"Count":4}]
[2026-02-06 04:05:15] [QUEUE] process_and_dead_letter => FAIL (process=200,list=200,dead_count=0) qIdFound=False, retry=404, requeue=404, requeue_dead=200
[2026-02-06 04:05:15] [TIMEOUTS] availability_run => PASS (200) POST /api/availability/run-timeouts
[2026-02-06 04:05:16] [AUDIT] trace => PASS (ok) audit_rows=11

=== OPS RESULT TABLE ===

Phase     Test                    Result Status                            Detail                                                  
-----     ----                    ------ ------                            ------                                                  
PREFLIGHT health                  PASS   200                               GET /api/health                                         
PREFLIGHT seed                    PASS   201                               POST /api/demo/seed                                     
PREFLIGHT register_roles          PASS   201/201/201/201                   register buyer/driver/merchant/inspector                
PREFLIGHT admin_approvals         PASS   merchant=200,driver=200           approve role requests                                   
AUTOPILOT control_plane           PASS   200/200/200                       get/toggle/tick                                         
AUTOPILOT idempotency             PASS   ticks=200/200/200                 wallet_txns=4->4, escrow_events=1->1                    
QUEUE     process_and_dead_letter FAIL   process=200,list=200,dead_count=0 qIdFound=False, retry=404, requeue=404, requeue_dead=200
TIMEOUTS  availability_run        PASS   200                               POST /api/availability/run-timeouts                     
AUDIT     trace                   PASS   ok                                audit_rows=11                                           



[2026-02-06 04:05:16] TOTAL_FAILS=1
[2026-02-06 04:05:16] Server stopped PID=11628
