[2026-02-06 04:05:51] OPS run started
[2026-02-06 04:05:52] BackendRoot=C:\Users\ayomc\Desktop\FLIPTRYBE.inc\Fliptrybe\backend
[2026-02-06 04:05:52] BaseUrl=http://127.0.0.1:5000
[2026-02-06 04:05:52] Running migrations
[2026-02-06 04:06:04] INFO  [alembic.runtime.migration] Context impl SQLiteImpl.
[2026-02-06 04:06:04] INFO  [alembic.runtime.migration] Will assume non-transactional DDL.
[2026-02-06 04:06:09] Server started PID=8156
[2026-02-06 04:06:21] [PREFLIGHT] health => PASS (200) GET /api/health
[2026-02-06 04:06:25] [PREFLIGHT] seed => PASS (201) POST /api/demo/seed
[2026-02-06 04:06:28] [PREFLIGHT] register_roles => PASS (201/201/201/201) register buyer/driver/merchant/inspector
[2026-02-06 04:06:33] [PREFLIGHT] admin_approvals => PASS (merchant=200,driver=200) approve role requests
[2026-02-06 04:06:35] [AUTOPILOT] control_plane => PASS (200/200/200) get/toggle/tick
[2026-02-06 04:06:44] [AUTOPILOT] idempotency => PASS (ticks=200/200/200) wallet_txns=4->4, escrow_events=1->1
[2026-02-06 04:06:44] DB SNAP IDEMPOTENCY order=53
[2026-02-06 04:06:45] orders={"value":[53,"completed","RELEASED","2026-02-06 12:06:41.418777",27000.0,"2026-02-06 12:06:38.366313","2026-02-06 12:06:41.320237","opsA_1644553755"],"Count":8}
[2026-02-06 04:06:45] order_events=[{"value":[323,"paid","2026-02-06 12:06:35.769914"],"Count":3},{"value":[324,"created","2026-02-06 12:06:35.795955"],"Count":3},{"value":[325,"availability_yes","2026-02-06 12:06:36.436873"],"Count":3},{"value":[326,"merchant_accepted","2026-02-06 12:06:36.609041"],"Count":3},{"value":[327,"driver_assigned","2026-02-06 12:06:36.708052"],"Count":3},{"value":[328,"picked_up","2026-02-06 12:06:38.448186"],"Count":3},{"value":[329,"picked_up","2026-02-06 12:06:38.570946"],"Count":3},{"value":[330,"escrow_released","2026-02-06 12:06:41.429213"],"Count":3},{"value":[331,"delivered","2026-02-06 12:06:41.450600"],"Count":3},{"value":[332,"completed","2026-02-06 12:06:41.583058"],"Count":3}]
[2026-02-06 04:06:45] escrow_unlocks=[{"value":[60,"pickup_seller",0,1,"2026-02-06 12:06:38.366278"],"Count":5},{"value":[61,"delivery_driver",0,1,"2026-02-06 12:06:41.320173"],"Count":5}]
[2026-02-06 04:06:45] notification_queue=
[2026-02-06 04:06:45] wallet_txns=[{"value":[90,"order_sale",24271.844660194172,"order:53"],"Count":4},{"value":[91,"platform_fee",728.16,"order:53"],"Count":4},{"value":[92,"delivery_fee",1800.0,"order:53"],"Count":4},{"value":[93,"delivery_commission",200.0,"order:53"],"Count":4}]
[2026-02-06 04:06:50] [QUEUE] process_and_dead_letter => FAIL (process=200,list=200,dead_count=0) qIdFound=False, retry=404, requeue=404, requeue_dead=200
[2026-02-06 04:06:50] [TIMEOUTS] availability_run => PASS (200) POST /api/availability/run-timeouts
[2026-02-06 04:06:51] [AUDIT] trace => PASS (ok) audit_rows=11

=== OPS RESULT TABLE ===

Phase     Test                    Result Status                            Detail                                                  
-----     ----                    ------ ------                            ------                                                  
PREFLIGHT health                  PASS   200                               GET /api/health                                         
PREFLIGHT seed                    PASS   201                               POST /api/demo/seed                                     
PREFLIGHT register_roles          PASS   201/201/201/201                   register buyer/driver/merchant/inspector                
PREFLIGHT admin_approvals         PASS   merchant=200,driver=200           approve role requests                                   
AUTOPILOT control_plane           PASS   200/200/200                       get/toggle/tick                                         
AUTOPILOT idempotency             PASS   ticks=200/200/200                 wallet_txns=4->4, escrow_events=1->1                    
QUEUE     process_and_dead_letter FAIL   process=200,list=200,dead_count=0 qIdFound=False, retry=404, requeue=404, requeue_dead=200
TIMEOUTS  availability_run        PASS   200                               POST /api/availability/run-timeouts                     
AUDIT     trace                   PASS   ok                                audit_rows=11                                           



[2026-02-06 04:06:51] TOTAL_FAILS=1
[2026-02-06 04:06:51] Server stopped PID=8156
