[2026-02-06 04:10:49] OPS run started
[2026-02-06 04:10:50] BackendRoot=C:\Users\ayomc\Desktop\FLIPTRYBE.inc\Fliptrybe\backend
[2026-02-06 04:10:50] BaseUrl=http://127.0.0.1:5000
[2026-02-06 04:10:50] Running migrations
[2026-02-06 04:11:02] INFO  [alembic.runtime.migration] Context impl SQLiteImpl.
[2026-02-06 04:11:02] INFO  [alembic.runtime.migration] Will assume non-transactional DDL.
[2026-02-06 04:11:06] Server started PID=11360
[2026-02-06 04:11:18] [PREFLIGHT] health => PASS (200) GET /api/health
[2026-02-06 04:11:21] [PREFLIGHT] seed => PASS (201) POST /api/demo/seed
[2026-02-06 04:11:26] [PREFLIGHT] register_roles => PASS (201/201/201/201) register buyer/driver/merchant/inspector
[2026-02-06 04:11:31] [PREFLIGHT] admin_approvals => PASS (merchant=200,driver=200) approve role requests
[2026-02-06 04:11:35] [AUTOPILOT] control_plane => PASS (200/200/200) get/toggle/tick
[2026-02-06 04:11:43] [AUTOPILOT] idempotency => PASS (ticks=200/200/200) wallet_txns=4->4, escrow_events=1->1
[2026-02-06 04:11:43] DB SNAP IDEMPOTENCY order=56
[2026-02-06 04:11:46] orders={"value":[56,"completed","RELEASED","2026-02-06 12:11:41.134228",27000.0,"2026-02-06 12:11:39.907300","2026-02-06 12:11:41.057336","opsA_604501775"],"Count":8}
[2026-02-06 04:11:46] order_events=[{"value":[353,"paid","2026-02-06 12:11:35.186983"],"Count":3},{"value":[354,"created","2026-02-06 12:11:35.210669"],"Count":3},{"value":[355,"availability_yes","2026-02-06 12:11:36.835782"],"Count":3},{"value":[356,"merchant_accepted","2026-02-06 12:11:38.275004"],"Count":3},{"value":[357,"driver_assigned","2026-02-06 12:11:38.404441"],"Count":3},{"value":[358,"picked_up","2026-02-06 12:11:40.000605"],"Count":3},{"value":[359,"picked_up","2026-02-06 12:11:40.103823"],"Count":3},{"value":[360,"escrow_released","2026-02-06 12:11:41.141775"],"Count":3},{"value":[361,"delivered","2026-02-06 12:11:41.172156"],"Count":3},{"value":[362,"completed","2026-02-06 12:11:41.297316"],"Count":3}]
[2026-02-06 04:11:46] escrow_unlocks=[{"value":[66,"pickup_seller",0,1,"2026-02-06 12:11:39.907267"],"Count":5},{"value":[67,"delivery_driver",0,1,"2026-02-06 12:11:41.057289"],"Count":5}]
[2026-02-06 04:11:46] notification_queue=[{"value":[5,"sms","queued",0,null,"order:56:paid:sms:buyer"],"Count":6},{"value":[6,"whatsapp","queued",0,null,"order:56:paid:wa:buyer"],"Count":6},{"value":[7,"sms","queued",0,null,"order:56:paid:sms:merchant"],"Count":6},{"value":[8,"whatsapp","queued",0,null,"order:56:paid:wa:merchant"],"Count":6}]
[2026-02-06 04:11:46] wallet_txns=[{"value":[102,"order_sale",24271.844660194172,"order:56"],"Count":4},{"value":[103,"platform_fee",728.16,"order:56"],"Count":4},{"value":[104,"delivery_fee",1800.0,"order:56"],"Count":4},{"value":[105,"delivery_commission",200.0,"order:56"],"Count":4}]
[2026-02-06 04:11:52] [QUEUE] process_and_dead_letter => FAIL (process=200,list=200,dead_count=0) qIdFound=True, retry=200, requeue=200, requeue_dead=200
[2026-02-06 04:11:52] [TIMEOUTS] availability_run => PASS (200) POST /api/availability/run-timeouts
[2026-02-06 04:11:52] [AUDIT] trace => PASS (ok) audit_rows=11

=== OPS RESULT TABLE ===

Phase     Test                    Result Status                            Detail                                                 
-----     ----                    ------ ------                            ------                                                 
PREFLIGHT health                  PASS   200                               GET /api/health                                        
PREFLIGHT seed                    PASS   201                               POST /api/demo/seed                                    
PREFLIGHT register_roles          PASS   201/201/201/201                   register buyer/driver/merchant/inspector               
PREFLIGHT admin_approvals         PASS   merchant=200,driver=200           approve role requests                                  
AUTOPILOT control_plane           PASS   200/200/200                       get/toggle/tick                                        
AUTOPILOT idempotency             PASS   ticks=200/200/200                 wallet_txns=4->4, escrow_events=1->1                   
QUEUE     process_and_dead_letter FAIL   process=200,list=200,dead_count=0 qIdFound=True, retry=200, requeue=200, requeue_dead=200
TIMEOUTS  availability_run        PASS   200                               POST /api/availability/run-timeouts                    
AUDIT     trace                   PASS   ok                                audit_rows=11                                          



[2026-02-06 04:11:52] TOTAL_FAILS=1
[2026-02-06 04:11:52] Server stopped PID=11360
