[2026-02-06 04:08:53] OPS run started
[2026-02-06 04:08:53] BackendRoot=C:\Users\ayomc\Desktop\FLIPTRYBE.inc\Fliptrybe\backend
[2026-02-06 04:08:54] BaseUrl=http://127.0.0.1:5000
[2026-02-06 04:08:54] Running migrations
[2026-02-06 04:09:06] INFO  [alembic.runtime.migration] Context impl SQLiteImpl.
[2026-02-06 04:09:06] INFO  [alembic.runtime.migration] Will assume non-transactional DDL.
[2026-02-06 04:09:14] Server started PID=1608
[2026-02-06 04:09:26] [PREFLIGHT] health => PASS (200) GET /api/health
[2026-02-06 04:09:30] [PREFLIGHT] seed => PASS (201) POST /api/demo/seed
[2026-02-06 04:09:54] [PREFLIGHT] register_roles => PASS (201/201/201/201) register buyer/driver/merchant/inspector
[2026-02-06 04:10:29] [PREFLIGHT] admin_approvals => PASS (merchant=200,driver=200) approve role requests
[2026-02-06 04:10:34] [AUTOPILOT] control_plane => PASS (200/200/200) get/toggle/tick
[2026-02-06 04:10:41] [AUTOPILOT] idempotency => PASS (ticks=200/200/200) wallet_txns=4->4, escrow_events=1->1
[2026-02-06 04:10:41] DB SNAP IDEMPOTENCY order=55
[2026-02-06 04:10:43] orders={"value":[55,"completed","RELEASED","2026-02-06 12:10:37.636677",27000.0,"2026-02-06 12:10:36.388117","2026-02-06 12:10:37.561547","opsA_2049912798"],"Count":8}
[2026-02-06 04:10:43] order_events=[{"value":[343,"paid","2026-02-06 12:10:34.587394"],"Count":3},{"value":[344,"created","2026-02-06 12:10:34.698529"],"Count":3},{"value":[345,"availability_yes","2026-02-06 12:10:35.235493"],"Count":3},{"value":[346,"merchant_accepted","2026-02-06 12:10:35.606638"],"Count":3},{"value":[347,"driver_assigned","2026-02-06 12:10:35.715637"],"Count":3},{"value":[348,"picked_up","2026-02-06 12:10:36.468871"],"Count":3},{"value":[349,"picked_up","2026-02-06 12:10:36.580439"],"Count":3},{"value":[350,"escrow_released","2026-02-06 12:10:37.643596"],"Count":3},{"value":[351,"delivered","2026-02-06 12:10:37.653931"],"Count":3},{"value":[352,"completed","2026-02-06 12:10:37.817226"],"Count":3}]
[2026-02-06 04:10:43] escrow_unlocks=[{"value":[64,"pickup_seller",0,1,"2026-02-06 12:10:36.388079"],"Count":5},{"value":[65,"delivery_driver",0,1,"2026-02-06 12:10:37.561518"],"Count":5}]
[2026-02-06 04:10:43] notification_queue=[{"value":[1,"sms","queued",0,null,"order:55:paid:sms:buyer"],"Count":6},{"value":[2,"whatsapp","queued",0,null,"order:55:paid:wa:buyer"],"Count":6},{"value":[3,"sms","queued",0,null,"order:55:paid:sms:merchant"],"Count":6},{"value":[4,"whatsapp","queued",0,null,"order:55:paid:wa:merchant"],"Count":6}]
[2026-02-06 04:10:43] wallet_txns=[{"value":[98,"order_sale",24271.844660194172,"order:55"],"Count":4},{"value":[99,"platform_fee",728.16,"order:55"],"Count":4},{"value":[100,"delivery_fee",1800.0,"order:55"],"Count":4},{"value":[101,"delivery_commission",200.0,"order:55"],"Count":4}]
[2026-02-06 04:10:48] [QUEUE] process_and_dead_letter => FAIL (process=200,list=200,dead_count=0) qIdFound=True, retry=200, requeue=200, requeue_dead=200
[2026-02-06 04:10:49] [TIMEOUTS] availability_run => PASS (200) POST /api/availability/run-timeouts
[2026-02-06 04:10:49] [AUDIT] trace => PASS (ok) audit_rows=11

=== OPS RESULT TABLE ===

Phase     Test                    Result Status                            Detail                                                 
-----     ----                    ------ ------                            ------                                                 
PREFLIGHT health                  PASS   200                               GET /api/health                                        
PREFLIGHT seed                    PASS   201                               POST /api/demo/seed                                    
PREFLIGHT register_roles          PASS   201/201/201/201                   register buyer/driver/merchant/inspector               
PREFLIGHT admin_approvals         PASS   merchant=200,driver=200           approve role requests                                  
AUTOPILOT control_plane           PASS   200/200/200                       get/toggle/tick                                        
AUTOPILOT idempotency             PASS   ticks=200/200/200                 wallet_txns=4->4, escrow_events=1->1                   
QUEUE     process_and_dead_letter FAIL   process=200,list=200,dead_count=0 qIdFound=True, retry=200, requeue=200, requeue_dead=200
TIMEOUTS  availability_run        PASS   200                               POST /api/availability/run-timeouts                    
AUDIT     trace                   PASS   ok                                audit_rows=11                                          



[2026-02-06 04:10:49] TOTAL_FAILS=1
[2026-02-06 04:10:49] Server stopped PID=1608
