[2026-02-06 04:12:36] OPS run started
[2026-02-06 04:12:36] BackendRoot=C:\Users\ayomc\Desktop\FLIPTRYBE.inc\Fliptrybe\backend
[2026-02-06 04:12:36] BaseUrl=http://127.0.0.1:5000
[2026-02-06 04:12:36] Running migrations
[2026-02-06 04:12:46] INFO  [alembic.runtime.migration] Context impl SQLiteImpl.
[2026-02-06 04:12:46] INFO  [alembic.runtime.migration] Will assume non-transactional DDL.
[2026-02-06 04:12:51] Server started PID=5280
[2026-02-06 04:13:04] [PREFLIGHT] health => PASS (200) GET /api/health
[2026-02-06 04:13:07] [PREFLIGHT] seed => PASS (201) POST /api/demo/seed
[2026-02-06 04:13:12] [PREFLIGHT] register_roles => PASS (201/201/201/201) register buyer/driver/merchant/inspector
[2026-02-06 04:13:15] [PREFLIGHT] admin_approvals => PASS (merchant=200,driver=200) approve role requests
[2026-02-06 04:13:18] [AUTOPILOT] control_plane => PASS (200/200/200) get/toggle/tick
[2026-02-06 04:13:26] [AUTOPILOT] idempotency => PASS (ticks=200/200/200) wallet_txns=4->4, escrow_events=1->1
[2026-02-06 04:13:26] DB SNAP IDEMPOTENCY order=57
[2026-02-06 04:13:28] orders={"value":[57,"completed","RELEASED","2026-02-06 12:13:23.855589",27000.0,"2026-02-06 12:13:22.499217","2026-02-06 12:13:23.784478","opsA_1583679732"],"Count":8}
[2026-02-06 04:13:28] order_events=[{"value":[363,"paid","2026-02-06 12:13:18.906377"],"Count":3},{"value":[364,"created","2026-02-06 12:13:18.977183"],"Count":3},{"value":[365,"availability_yes","2026-02-06 12:13:21.316695"],"Count":3},{"value":[366,"merchant_accepted","2026-02-06 12:13:21.493244"],"Count":3},{"value":[367,"driver_assigned","2026-02-06 12:13:21.657886"],"Count":3},{"value":[368,"picked_up","2026-02-06 12:13:22.584619"],"Count":3},{"value":[369,"picked_up","2026-02-06 12:13:22.718799"],"Count":3},{"value":[370,"escrow_released","2026-02-06 12:13:23.866391"],"Count":3},{"value":[371,"delivered","2026-02-06 12:13:23.877057"],"Count":3},{"value":[372,"completed","2026-02-06 12:13:23.997584"],"Count":3}]
[2026-02-06 04:13:28] escrow_unlocks=[{"value":[68,"pickup_seller",0,1,"2026-02-06 12:13:22.499173"],"Count":5},{"value":[69,"delivery_driver",0,1,"2026-02-06 12:13:23.784444"],"Count":5}]
[2026-02-06 04:13:28] notification_queue=[{"value":[9,"sms","queued",0,null,"order:57:paid:sms:buyer"],"Count":6},{"value":[10,"whatsapp","queued",0,null,"order:57:paid:wa:buyer"],"Count":6},{"value":[11,"sms","queued",0,null,"order:57:paid:sms:merchant"],"Count":6},{"value":[12,"whatsapp","queued",0,null,"order:57:paid:wa:merchant"],"Count":6}]
[2026-02-06 04:13:28] wallet_txns=[{"value":[106,"order_sale",24271.844660194172,"order:57"],"Count":4},{"value":[107,"platform_fee",728.16,"order:57"],"Count":4},{"value":[108,"delivery_fee",1800.0,"order:57"],"Count":4},{"value":[109,"delivery_commission",200.0,"order:57"],"Count":4}]
[2026-02-06 04:13:30] [QUEUE] process_and_dead_letter => PASS (process=200,list=200,dead_count=1) qIdFound=True, retry=200, requeue=200, requeue_dead=200
[2026-02-06 04:13:30] [TIMEOUTS] availability_run => PASS (200) POST /api/availability/run-timeouts
[2026-02-06 04:13:31] [AUDIT] trace => PASS (ok) audit_rows=11

=== OPS RESULT TABLE ===

Phase     Test                    Result Status                            Detail                                                 
-----     ----                    ------ ------                            ------                                                 
PREFLIGHT health                  PASS   200                               GET /api/health                                        
PREFLIGHT seed                    PASS   201                               POST /api/demo/seed                                    
PREFLIGHT register_roles          PASS   201/201/201/201                   register buyer/driver/merchant/inspector               
PREFLIGHT admin_approvals         PASS   merchant=200,driver=200           approve role requests                                  
AUTOPILOT control_plane           PASS   200/200/200                       get/toggle/tick                                        
AUTOPILOT idempotency             PASS   ticks=200/200/200                 wallet_txns=4->4, escrow_events=1->1                   
QUEUE     process_and_dead_letter PASS   process=200,list=200,dead_count=1 qIdFound=True, retry=200, requeue=200, requeue_dead=200
TIMEOUTS  availability_run        PASS   200                               POST /api/availability/run-timeouts                    
AUDIT     trace                   PASS   ok                                audit_rows=11                                          



[2026-02-06 04:13:31] TOTAL_FAILS=0
[2026-02-06 04:13:31] Server stopped PID=5280
