[2026-02-06 03:53:43] OPS run started
[2026-02-06 03:53:43] BackendRoot=C:\Users\ayomc\Desktop\FLIPTRYBE.inc\Fliptrybe\backend
[2026-02-06 03:53:43] BaseUrl=http://127.0.0.1:5000
[2026-02-06 03:53:44] Running migrations
[2026-02-06 03:53:54] INFO  [alembic.runtime.migration] Context impl SQLiteImpl.
[2026-02-06 03:53:54] INFO  [alembic.runtime.migration] Will assume non-transactional DDL.
[2026-02-06 03:53:56] Server started PID=18124
[2026-02-06 03:54:10] [PREFLIGHT] health => PASS (200) GET /api/health
[2026-02-06 03:54:13] [PREFLIGHT] seed => PASS (201) POST /api/demo/seed
[2026-02-06 03:54:16] [PREFLIGHT] register_roles => PASS (201/201/201/201) register buyer/driver/merchant/inspector
[2026-02-06 03:54:22] [PREFLIGHT] admin_approvals => PASS (merchant=200,driver=200) approve role requests
[2026-02-06 03:54:23] [AUTOPILOT] control_plane => FAIL (200/200/500) get/toggle/tick
[2026-02-06 03:54:25] Runner exception: The term 'Invoke-DbScalar' is not recognized as the name of a cmdlet, function, script file, or operable program. Check the spelling of the name, or if a path was included, verify that the path is correct and try again.
[2026-02-06 03:54:25] [RUNNER] unhandled_exception => FAIL (EXCEPTION) The term 'Invoke-DbScalar' is not recognized as the name of a cmdlet, function, script file, or operable program. Check the spelling of the name, or if a path was included, verify that the path is correct and try again.

=== OPS RESULT TABLE ===

Phase     Test                Result Status                  Detail                                                                                                                                                                             
-----     ----                ------ ------                  ------                                                                                                                                                                             
PREFLIGHT health              PASS   200                     GET /api/health                                                                                                                                                                    
PREFLIGHT seed                PASS   201                     POST /api/demo/seed                                                                                                                                                                
PREFLIGHT register_roles      PASS   201/201/201/201         register buyer/driver/merchant/inspector                                                                                                                                           
PREFLIGHT admin_approvals     PASS   merchant=200,driver=200 approve role requests                                                                                                                                                              
AUTOPILOT control_plane       FAIL   200/200/500             get/toggle/tick                                                                                                                                                                    
RUNNER    unhandled_exception FAIL   EXCEPTION               The term 'Invoke-DbScalar' is not recognized as the name of a cmdlet, function, script file, or operable program. Check the spelling of the name, or if a path was included, ver...



[2026-02-06 03:54:25] Server stopped PID=18124
