[2026-02-06 03:56:29] OPS run started
[2026-02-06 03:56:29] BackendRoot=C:\Users\ayomc\Desktop\FLIPTRYBE.inc\Fliptrybe\backend
[2026-02-06 03:56:29] BaseUrl=http://127.0.0.1:5000
[2026-02-06 03:56:30] Running migrations
[2026-02-06 03:56:42] INFO  [alembic.runtime.migration] Context impl SQLiteImpl.
[2026-02-06 03:56:42] INFO  [alembic.runtime.migration] Will assume non-transactional DDL.
[2026-02-06 03:56:46] Server started PID=19992
[2026-02-06 03:56:59] [PREFLIGHT] health => PASS (200) GET /api/health
[2026-02-06 03:57:02] [PREFLIGHT] seed => PASS (201) POST /api/demo/seed
[2026-02-06 03:57:06] [PREFLIGHT] register_roles => PASS (201/201/201/201) register buyer/driver/merchant/inspector
[2026-02-06 03:57:11] [PREFLIGHT] admin_approvals => PASS (merchant=200,driver=200) approve role requests
[2026-02-06 03:57:15] [AUTOPILOT] control_plane => PASS (200/200/200) get/toggle/tick
[2026-02-06 03:57:23] [AUTOPILOT] idempotency => PASS (ticks=200/200/200) wallet_txns=4->4, escrow_events=1->1
[2026-02-06 03:57:23] DB SNAP IDEMPOTENCY order=47
[2026-02-06 03:57:25] orders={"value":[47,"completed","RELEASED","2026-02-06 11:57:19.338808",27000.0,"2026-02-06 11:57:17.812704","2026-02-06 11:57:19.265578","opsA_875199537"],"Count":8}
[2026-02-06 03:57:25] order_events=[{"value":[257,"paid","2026-02-06 11:57:16.153091"],"Count":3},{"value":[258,"created","2026-02-06 11:57:16.179824"],"Count":3},{"value":[259,"availability_yes","2026-02-06 11:57:16.742890"],"Count":3},{"value":[260,"merchant_accepted","2026-02-06 11:57:17.047469"],"Count":3},{"value":[261,"driver_assigned","2026-02-06 11:57:17.223951"],"Count":3},{"value":[262,"picked_up","2026-02-06 11:57:17.882951"],"Count":3},{"value":[263,"picked_up","2026-02-06 11:57:18.038072"],"Count":3},{"value":[264,"escrow_released","2026-02-06 11:57:19.347423"],"Count":3},{"value":[265,"delivered","2026-02-06 11:57:19.358035"],"Count":3},{"value":[266,"completed","2026-02-06 11:57:19.488410"],"Count":3}]
[2026-02-06 03:57:25] escrow_unlocks=[{"value":[48,"pickup_seller",0,1,"2026-02-06 11:57:17.812669"],"Count":5},{"value":[49,"delivery_driver",0,1,"2026-02-06 11:57:19.265547"],"Count":5}]
[2026-02-06 03:57:25] notification_queue=
[2026-02-06 03:57:25] wallet_txns=[{"value":[63,"order_sale",24271.844660194172,"order:47"],"Count":4},{"value":[64,"platform_fee",728.16,"order:47"],"Count":4},{"value":[65,"delivery_fee",1800.0,"order:47"],"Count":4},{"value":[66,"delivery_commission",200.0,"order:47"],"Count":4}]
[2026-02-06 03:57:29] [QUEUE] process_and_dead_letter => PASS (process=200,list=200,dead_count=0) retry=404, requeue=404, requeue_dead=200
[2026-02-06 03:57:29] [TIMEOUTS] availability_run => PASS (200) POST /api/availability/run-timeouts
[2026-02-06 03:57:30] [AUDIT] trace => PASS (ok) audit_rows=11

=== OPS RESULT TABLE ===

Phase     Test                    Result Status                            Detail                                  
-----     ----                    ------ ------                            ------                                  
PREFLIGHT health                  PASS   200                               GET /api/health                         
PREFLIGHT seed                    PASS   201                               POST /api/demo/seed                     
PREFLIGHT register_roles          PASS   201/201/201/201                   register buyer/driver/merchant/inspector
PREFLIGHT admin_approvals         PASS   merchant=200,driver=200           approve role requests                   
AUTOPILOT control_plane           PASS   200/200/200                       get/toggle/tick                         
AUTOPILOT idempotency             PASS   ticks=200/200/200                 wallet_txns=4->4, escrow_events=1->1    
QUEUE     process_and_dead_letter PASS   process=200,list=200,dead_count=0 retry=404, requeue=404, requeue_dead=200
TIMEOUTS  availability_run        PASS   200                               POST /api/availability/run-timeouts     
AUDIT     trace                   PASS   ok                                audit_rows=11                           



[2026-02-06 03:57:30] TOTAL_FAILS=0
[2026-02-06 03:57:30] Server stopped PID=19992
