[2026-02-06 04:06:52] OPS run started
[2026-02-06 04:06:52] BackendRoot=C:\Users\ayomc\Desktop\FLIPTRYBE.inc\Fliptrybe\backend
[2026-02-06 04:06:52] BaseUrl=http://127.0.0.1:5000
[2026-02-06 04:06:52] Running migrations
[2026-02-06 04:07:20] INFO  [alembic.runtime.migration] Context impl SQLiteImpl.
[2026-02-06 04:07:21] INFO  [alembic.runtime.migration] Will assume non-transactional DDL.
[2026-02-06 04:07:25] Server started PID=16328
[2026-02-06 04:07:42] [PREFLIGHT] health => PASS (200) GET /api/health
[2026-02-06 04:07:47] [PREFLIGHT] seed => PASS (201) POST /api/demo/seed
[2026-02-06 04:07:49] [PREFLIGHT] register_roles => PASS (201/201/201/201) register buyer/driver/merchant/inspector
[2026-02-06 04:07:55] [PREFLIGHT] admin_approvals => PASS (merchant=200,driver=200) approve role requests
[2026-02-06 04:07:57] [AUTOPILOT] control_plane => PASS (200/200/200) get/toggle/tick
[2026-02-06 04:08:08] [AUTOPILOT] idempotency => PASS (ticks=200/200/200) wallet_txns=4->4, escrow_events=1->1
[2026-02-06 04:08:08] DB SNAP IDEMPOTENCY order=54
[2026-02-06 04:08:10] orders={"value":[54,"completed","RELEASED","2026-02-06 12:08:04.045539",27000.0,"2026-02-06 12:08:02.684628","2026-02-06 12:08:03.962262","opsA_309160094"],"Count":8}
[2026-02-06 04:08:11] order_events=[{"value":[333,"paid","2026-02-06 12:07:57.732528"],"Count":3},{"value":[334,"created","2026-02-06 12:07:57.755745"],"Count":3},{"value":[335,"availability_yes","2026-02-06 12:07:58.313889"],"Count":3},{"value":[336,"merchant_accepted","2026-02-06 12:08:01.464969"],"Count":3},{"value":[337,"driver_assigned","2026-02-06 12:08:01.595072"],"Count":3},{"value":[338,"picked_up","2026-02-06 12:08:02.780181"],"Count":3},{"value":[339,"picked_up","2026-02-06 12:08:02.935473"],"Count":3},{"value":[340,"escrow_released","2026-02-06 12:08:04.053943"],"Count":3},{"value":[341,"delivered","2026-02-06 12:08:04.066015"],"Count":3},{"value":[342,"completed","2026-02-06 12:08:04.227859"],"Count":3}]
[2026-02-06 04:08:11] escrow_unlocks=[{"value":[62,"pickup_seller",0,1,"2026-02-06 12:08:02.684585"],"Count":5},{"value":[63,"delivery_driver",0,1,"2026-02-06 12:08:03.962219"],"Count":5}]
[2026-02-06 04:08:11] notification_queue=
[2026-02-06 04:08:11] wallet_txns=[{"value":[94,"order_sale",24271.844660194172,"order:54"],"Count":4},{"value":[95,"platform_fee",728.16,"order:54"],"Count":4},{"value":[96,"delivery_fee",1800.0,"order:54"],"Count":4},{"value":[97,"delivery_commission",200.0,"order:54"],"Count":4}]
[2026-02-06 04:08:18] [QUEUE] process_and_dead_letter => FAIL (process=200,list=200,dead_count=0) qIdFound=False, retry=404, requeue=404, requeue_dead=200
[2026-02-06 04:08:18] [TIMEOUTS] availability_run => PASS (200) POST /api/availability/run-timeouts
[2026-02-06 04:08:19] [AUDIT] trace => PASS (ok) audit_rows=11

=== OPS RESULT TABLE ===

Phase     Test                    Result Status                            Detail                                                  
-----     ----                    ------ ------                            ------                                                  
PREFLIGHT health                  PASS   200                               GET /api/health                                         
PREFLIGHT seed                    PASS   201                               POST /api/demo/seed                                     
PREFLIGHT register_roles          PASS   201/201/201/201                   register buyer/driver/merchant/inspector                
PREFLIGHT admin_approvals         PASS   merchant=200,driver=200           approve role requests                                   
AUTOPILOT control_plane           PASS   200/200/200                       get/toggle/tick                                         
AUTOPILOT idempotency             PASS   ticks=200/200/200                 wallet_txns=4->4, escrow_events=1->1                    
QUEUE     process_and_dead_letter FAIL   process=200,list=200,dead_count=0 qIdFound=False, retry=404, requeue=404, requeue_dead=200
TIMEOUTS  availability_run        PASS   200                               POST /api/availability/run-timeouts                     
AUDIT     trace                   PASS   ok                                audit_rows=11                                           



[2026-02-06 04:08:19] TOTAL_FAILS=1
[2026-02-06 04:08:19] Server stopped PID=16328
