[2026-02-06 04:13:31] OPS run started
[2026-02-06 04:13:31] BackendRoot=C:\Users\ayomc\Desktop\FLIPTRYBE.inc\Fliptrybe\backend
[2026-02-06 04:13:31] BaseUrl=http://127.0.0.1:5000
[2026-02-06 04:13:31] Running migrations
[2026-02-06 04:13:43] INFO  [alembic.runtime.migration] Context impl SQLiteImpl.
[2026-02-06 04:13:43] INFO  [alembic.runtime.migration] Will assume non-transactional DDL.
[2026-02-06 04:13:48] Server started PID=16412
[2026-02-06 04:14:07] [PREFLIGHT] health => PASS (200) GET /api/health
[2026-02-06 04:14:10] [PREFLIGHT] seed => PASS (201) POST /api/demo/seed
[2026-02-06 04:14:16] [PREFLIGHT] register_roles => PASS (201/201/201/201) register buyer/driver/merchant/inspector
[2026-02-06 04:14:29] [PREFLIGHT] admin_approvals => PASS (merchant=200,driver=200) approve role requests
[2026-02-06 04:14:32] [AUTOPILOT] control_plane => PASS (200/200/200) get/toggle/tick
[2026-02-06 04:14:45] [AUTOPILOT] idempotency => PASS (ticks=200/200/200) wallet_txns=4->4, escrow_events=1->1
[2026-02-06 04:14:46] DB SNAP IDEMPOTENCY order=58
[2026-02-06 04:14:51] orders={"value":[58,"completed","RELEASED","2026-02-06 12:14:38.361370",27000.0,"2026-02-06 12:14:36.601445","2026-02-06 12:14:38.281755","opsA_305923017"],"Count":8}
[2026-02-06 04:14:51] order_events=[{"value":[373,"paid","2026-02-06 12:14:32.985343"],"Count":3},{"value":[374,"created","2026-02-06 12:14:33.020446"],"Count":3},{"value":[375,"availability_yes","2026-02-06 12:14:34.366866"],"Count":3},{"value":[376,"merchant_accepted","2026-02-06 12:14:35.470792"],"Count":3},{"value":[377,"driver_assigned","2026-02-06 12:14:35.596183"],"Count":3},{"value":[378,"picked_up","2026-02-06 12:14:36.691556"],"Count":3},{"value":[379,"picked_up","2026-02-06 12:14:36.819687"],"Count":3},{"value":[380,"escrow_released","2026-02-06 12:14:38.369513"],"Count":3},{"value":[381,"delivered","2026-02-06 12:14:38.382358"],"Count":3},{"value":[382,"completed","2026-02-06 12:14:40.700531"],"Count":3}]
[2026-02-06 04:14:51] escrow_unlocks=[{"value":[70,"pickup_seller",0,1,"2026-02-06 12:14:36.601405"],"Count":5},{"value":[71,"delivery_driver",0,1,"2026-02-06 12:14:38.281727"],"Count":5}]
[2026-02-06 04:14:51] notification_queue=[{"value":[13,"sms","queued",0,null,"order:58:paid:sms:buyer"],"Count":6},{"value":[14,"whatsapp","queued",0,null,"order:58:paid:wa:buyer"],"Count":6},{"value":[15,"sms","queued",0,null,"order:58:paid:sms:merchant"],"Count":6},{"value":[16,"whatsapp","queued",0,null,"order:58:paid:wa:merchant"],"Count":6}]
[2026-02-06 04:14:51] wallet_txns=[{"value":[110,"order_sale",24271.844660194172,"order:58"],"Count":4},{"value":[111,"platform_fee",728.16,"order:58"],"Count":4},{"value":[112,"delivery_fee",1800.0,"order:58"],"Count":4},{"value":[113,"delivery_commission",200.0,"order:58"],"Count":4}]
[2026-02-06 04:14:53] [QUEUE] process_and_dead_letter => PASS (process=200,list=200,dead_count=1) qIdFound=True, retry=200, requeue=200, requeue_dead=200
[2026-02-06 04:14:53] [TIMEOUTS] availability_run => PASS (200) POST /api/availability/run-timeouts
[2026-02-06 04:14:54] [AUDIT] trace => PASS (ok) audit_rows=11

=== OPS RESULT TABLE ===

Phase     Test                    Result Status                            Detail                                                 
-----     ----                    ------ ------                            ------                                                 
PREFLIGHT health                  PASS   200                               GET /api/health                                        
PREFLIGHT seed                    PASS   201                               POST /api/demo/seed                                    
PREFLIGHT register_roles          PASS   201/201/201/201                   register buyer/driver/merchant/inspector               
PREFLIGHT admin_approvals         PASS   merchant=200,driver=200           approve role requests                                  
AUTOPILOT control_plane           PASS   200/200/200                       get/toggle/tick                                        
AUTOPILOT idempotency             PASS   ticks=200/200/200                 wallet_txns=4->4, escrow_events=1->1                   
QUEUE     process_and_dead_letter PASS   process=200,list=200,dead_count=1 qIdFound=True, retry=200, requeue=200, requeue_dead=200
TIMEOUTS  availability_run        PASS   200                               POST /api/availability/run-timeouts                    
AUDIT     trace                   PASS   ok                                audit_rows=11                                          



[2026-02-06 04:14:54] TOTAL_FAILS=0
[2026-02-06 04:14:54] Server stopped PID=16412
