[2026-02-06 03:57:30] OPS run started
[2026-02-06 03:57:31] BackendRoot=C:\Users\ayomc\Desktop\FLIPTRYBE.inc\Fliptrybe\backend
[2026-02-06 03:57:31] BaseUrl=http://127.0.0.1:5000
[2026-02-06 03:57:31] Running migrations
[2026-02-06 03:57:45] INFO  [alembic.runtime.migration] Context impl SQLiteImpl.
[2026-02-06 03:57:45] INFO  [alembic.runtime.migration] Will assume non-transactional DDL.
[2026-02-06 03:57:48] Server started PID=16888
[2026-02-06 03:58:00] [PREFLIGHT] health => PASS (200) GET /api/health
[2026-02-06 03:58:03] [PREFLIGHT] seed => PASS (201) POST /api/demo/seed
[2026-02-06 03:58:10] [PREFLIGHT] register_roles => PASS (201/201/201/201) register buyer/driver/merchant/inspector
[2026-02-06 03:58:13] [PREFLIGHT] admin_approvals => PASS (merchant=200,driver=200) approve role requests
[2026-02-06 03:58:16] [AUTOPILOT] control_plane => PASS (200/200/200) get/toggle/tick
[2026-02-06 03:58:26] [AUTOPILOT] idempotency => PASS (ticks=200/200/200) wallet_txns=4->4, escrow_events=1->1
[2026-02-06 03:58:26] DB SNAP IDEMPOTENCY order=48
[2026-02-06 03:58:29] orders={"value":[48,"completed","RELEASED","2026-02-06 11:58:21.288182",27000.0,"2026-02-06 11:58:19.082091","2026-02-06 11:58:21.207041","opsA_1168711389"],"Count":8}
[2026-02-06 03:58:29] order_events=[{"value":[273,"paid","2026-02-06 11:58:17.079474"],"Count":3},{"value":[274,"created","2026-02-06 11:58:17.104495"],"Count":3},{"value":[275,"availability_yes","2026-02-06 11:58:17.838777"],"Count":3},{"value":[276,"merchant_accepted","2026-02-06 11:58:18.097431"],"Count":3},{"value":[277,"driver_assigned","2026-02-06 11:58:18.259165"],"Count":3},{"value":[278,"picked_up","2026-02-06 11:58:19.282114"],"Count":3},{"value":[279,"picked_up","2026-02-06 11:58:19.820433"],"Count":3},{"value":[280,"escrow_released","2026-02-06 11:58:21.296112"],"Count":3},{"value":[281,"delivered","2026-02-06 11:58:21.307332"],"Count":3},{"value":[282,"completed","2026-02-06 11:58:24.332645"],"Count":3}]
[2026-02-06 03:58:29] escrow_unlocks=[{"value":[50,"pickup_seller",0,1,"2026-02-06 11:58:19.082055"],"Count":5},{"value":[51,"delivery_driver",0,1,"2026-02-06 11:58:21.207015"],"Count":5}]
[2026-02-06 03:58:29] notification_queue=
[2026-02-06 03:58:29] wallet_txns=[{"value":[70,"order_sale",24271.844660194172,"order:48"],"Count":4},{"value":[71,"platform_fee",728.16,"order:48"],"Count":4},{"value":[72,"delivery_fee",1800.0,"order:48"],"Count":4},{"value":[73,"delivery_commission",200.0,"order:48"],"Count":4}]
[2026-02-06 03:58:33] [QUEUE] process_and_dead_letter => PASS (process=200,list=200,dead_count=0) retry=404, requeue=404, requeue_dead=200
[2026-02-06 03:58:33] [TIMEOUTS] availability_run => PASS (200) POST /api/availability/run-timeouts
[2026-02-06 03:58:34] [AUDIT] trace => PASS (ok) audit_rows=11

=== OPS RESULT TABLE ===

Phase     Test                    Result Status                            Detail                                  
-----     ----                    ------ ------                            ------                                  
PREFLIGHT health                  PASS   200                               GET /api/health                         
PREFLIGHT seed                    PASS   201                               POST /api/demo/seed                     
PREFLIGHT register_roles          PASS   201/201/201/201                   register buyer/driver/merchant/inspector
PREFLIGHT admin_approvals         PASS   merchant=200,driver=200           approve role requests                   
AUTOPILOT control_plane           PASS   200/200/200                       get/toggle/tick                         
AUTOPILOT idempotency             PASS   ticks=200/200/200                 wallet_txns=4->4, escrow_events=1->1    
QUEUE     process_and_dead_letter PASS   process=200,list=200,dead_count=0 retry=404, requeue=404, requeue_dead=200
TIMEOUTS  availability_run        PASS   200                               POST /api/availability/run-timeouts     
AUDIT     trace                   PASS   ok                                audit_rows=11                           



[2026-02-06 03:58:35] TOTAL_FAILS=0
[2026-02-06 03:58:35] Server stopped PID=16888
