WARNING: This is a development server. Do not use it in a production deployment. Use a production WSGI server instead.
 * Running on http://127.0.0.1:5000
Press CTRL+C to quit
127.0.0.1 - - [06/Feb/2026 03:49:41] "GET /api/health HTTP/1.1" 200 -
127.0.0.1 - - [06/Feb/2026 03:49:41] "GET /api/health HTTP/1.1" 200 -
127.0.0.1 - - [06/Feb/2026 03:49:44] "POST /api/demo/seed HTTP/1.1" 201 -
127.0.0.1 - - [06/Feb/2026 03:49:45] "POST /api/auth/register/buyer HTTP/1.1" 201 -
127.0.0.1 - - [06/Feb/2026 03:49:45] "POST /api/auth/register/driver HTTP/1.1" 201 -
127.0.0.1 - - [06/Feb/2026 03:49:48] "POST /api/auth/register/merchant HTTP/1.1" 201 -
127.0.0.1 - - [06/Feb/2026 03:49:49] "POST /api/auth/register/inspector HTTP/1.1" 201 -
127.0.0.1 - - [06/Feb/2026 03:49:50] "POST /api/auth/login HTTP/1.1" 200 -
127.0.0.1 - - [06/Feb/2026 03:49:50] "POST /api/auth/login HTTP/1.1" 200 -
127.0.0.1 - - [06/Feb/2026 03:49:51] "POST /api/auth/login HTTP/1.1" 200 -
127.0.0.1 - - [06/Feb/2026 03:49:52] "POST /api/auth/login HTTP/1.1" 200 -
127.0.0.1 - - [06/Feb/2026 03:49:52] "GET /api/admin/role-requests?status=PENDING HTTP/1.1" 200 -
127.0.0.1 - - [06/Feb/2026 03:49:52] "POST /api/admin/role-requests/55/approve HTTP/1.1" 200 -
127.0.0.1 - - [06/Feb/2026 03:49:52] "GET /api/admin/role-requests?status=PENDING HTTP/1.1" 200 -
127.0.0.1 - - [06/Feb/2026 03:49:52] "POST /api/admin/role-requests/54/approve HTTP/1.1" 200 -
127.0.0.1 - - [06/Feb/2026 03:49:53] "POST /api/auth/login HTTP/1.1" 200 -
127.0.0.1 - - [06/Feb/2026 03:49:55] "POST /api/auth/login HTTP/1.1" 200 -
[2026-02-06 03:49:55,323] ERROR in app: Exception on /api/admin/autopilot [GET]
Traceback (most recent call last):
  File "C:\Users\ayomc\Desktop\FLIPTRYBE.inc\Fliptrybe\backend\.venv\Lib\site-packages\sqlalchemy\engine\base.py", line 1967, in _exec_single_context
    self.dialect.do_execute(
    ~~~~~~~~~~~~~~~~~~~~~~~^
        cursor, str_statement, effective_parameters, context
        ^^^^^^^^^^^^^^^^^^^^^^^^^^^^^^^^^^^^^^^^^^^^^^^^^^^^
    )
    ^
  File "C:\Users\ayomc\Desktop\FLIPTRYBE.inc\Fliptrybe\backend\.venv\Lib\site-packages\sqlalchemy\engine\default.py", line 952, in do_execute
    cursor.execute(statement, parameters)
    ~~~~~~~~~~~~~~^^^^^^^^^^^^^^^^^^^^^^^
sqlite3.OperationalError: no such column: autopilot_settings.last_wallet_reconcile_at

The above exception was the direct cause of the following exception:

Traceback (most recent call last):
  File "C:\Users\ayomc\Desktop\FLIPTRYBE.inc\Fliptrybe\backend\.venv\Lib\site-packages\flask\app.py", line 1473, in wsgi_app
    response = self.full_dispatch_request()
  File "C:\Users\ayomc\Desktop\FLIPTRYBE.inc\Fliptrybe\backend\.venv\Lib\site-packages\flask\app.py", line 882, in full_dispatch_request
    rv = self.handle_user_exception(e)
  File "C:\Users\ayomc\Desktop\FLIPTRYBE.inc\Fliptrybe\backend\.venv\Lib\site-packages\flask_cors\extension.py", line 178, in wrapped_function
    return cors_after_request(app.make_response(f(*args, **kwargs)))
                                                ~^^^^^^^^^^^^^^^^^
  File "C:\Users\ayomc\Desktop\FLIPTRYBE.inc\Fliptrybe\backend\.venv\Lib\site-packages\flask\app.py", line 880, in full_dispatch_request
    rv = self.dispatch_request()
  File "C:\Users\ayomc\Desktop\FLIPTRYBE.inc\Fliptrybe\backend\.venv\Lib\site-packages\flask\app.py", line 865, in dispatch_request
    return self.ensure_sync(self.view_functions[rule.endpoint])(**view_args)  # type: ignore[no-any-return]
           ~~~~~~~~~~~~~~~~~~~~~~~~~~~~~~~~~~~~~~~~~~~~~~~~~~~~^^^^^^^^^^^^^
  File "C:\Users\ayomc\Desktop\FLIPTRYBE.inc\Fliptrybe\backend\app\segments\segment_autopilot.py", line 67, in get_status
    s = get_settings()
  File "C:\Users\ayomc\Desktop\FLIPTRYBE.inc\Fliptrybe\backend\app\utils\autopilot.py", line 12, in get_settings
    row = AutopilotSettings.query.first()
  File "C:\Users\ayomc\Desktop\FLIPTRYBE.inc\Fliptrybe\backend\.venv\Lib\site-packages\sqlalchemy\orm\query.py", line 2759, in first
    return self.limit(1)._iter().first()  # type: ignore
           ~~~~~~~~~~~~~~~~~~~^^
  File "C:\Users\ayomc\Desktop\FLIPTRYBE.inc\Fliptrybe\backend\.venv\Lib\site-packages\sqlalchemy\orm\query.py", line 2857, in _iter
    result: Union[ScalarResult[_T], Result[_T]] = self.session.execute(
                                                  ~~~~~~~~~~~~~~~~~~~~^
        statement,
        ^^^^^^^^^^
        params,
        ^^^^^^^
        execution_options={"_sa_orm_load_options": self.load_options},
        ^^^^^^^^^^^^^^^^^^^^^^^^^^^^^^^^^^^^^^^^^^^^^^^^^^^^^^^^^^^^^^
    )
    ^
  File "C:\Users\ayomc\Desktop\FLIPTRYBE.inc\Fliptrybe\backend\.venv\Lib\site-packages\sqlalchemy\orm\session.py", line 2351, in execute
    return self._execute_internal(
           ~~~~~~~~~~~~~~~~~~~~~~^
        statement,
        ^^^^^^^^^^
    ...<4 lines>...
        _add_event=_add_event,
        ^^^^^^^^^^^^^^^^^^^^^^
    )
    ^
  File "C:\Users\ayomc\Desktop\FLIPTRYBE.inc\Fliptrybe\backend\.venv\Lib\site-packages\sqlalchemy\orm\session.py", line 2249, in _execute_internal
    result: Result[Any] = compile_state_cls.orm_execute_statement(
                          ~~~~~~~~~~~~~~~~~~~~~~~~~~~~~~~~~~~~~~~^
        self,
        ^^^^^
    ...<4 lines>...
        conn,
        ^^^^^
    )
    ^
  File "C:\Users\ayomc\Desktop\FLIPTRYBE.inc\Fliptrybe\backend\.venv\Lib\site-packages\sqlalchemy\orm\context.py", line 306, in orm_execute_statement
    result = conn.execute(
        statement, params or {}, execution_options=execution_options
    )
  File "C:\Users\ayomc\Desktop\FLIPTRYBE.inc\Fliptrybe\backend\.venv\Lib\site-packages\sqlalchemy\engine\base.py", line 1419, in execute
    return meth(
        self,
        distilled_parameters,
        execution_options or NO_OPTIONS,
    )
  File "C:\Users\ayomc\Desktop\FLIPTRYBE.inc\Fliptrybe\backend\.venv\Lib\site-packages\sqlalchemy\sql\elements.py", line 527, in _execute_on_connection
    return connection._execute_clauseelement(
           ~~~~~~~~~~~~~~~~~~~~~~~~~~~~~~~~~^
        self, distilled_params, execution_options
        ^^^^^^^^^^^^^^^^^^^^^^^^^^^^^^^^^^^^^^^^^
    )
    ^
  File "C:\Users\ayomc\Desktop\FLIPTRYBE.inc\Fliptrybe\backend\.venv\Lib\site-packages\sqlalchemy\engine\base.py", line 1641, in _execute_clauseelement
    ret = self._execute_context(
        dialect,
    ...<8 lines>...
        cache_hit=cache_hit,
    )
  File "C:\Users\ayomc\Desktop\FLIPTRYBE.inc\Fliptrybe\backend\.venv\Lib\site-packages\sqlalchemy\engine\base.py", line 1846, in _execute_context
    return self._exec_single_context(
           ~~~~~~~~~~~~~~~~~~~~~~~~~^
        dialect, context, statement, parameters
        ^^^^^^^^^^^^^^^^^^^^^^^^^^^^^^^^^^^^^^^
    )
    ^
  File "C:\Users\ayomc\Desktop\FLIPTRYBE.inc\Fliptrybe\backend\.venv\Lib\site-packages\sqlalchemy\engine\base.py", line 1986, in _exec_single_context
    self._handle_dbapi_exception(
    ~~~~~~~~~~~~~~~~~~~~~~~~~~~~^
        e, str_statement, effective_parameters, cursor, context
        ^^^^^^^^^^^^^^^^^^^^^^^^^^^^^^^^^^^^^^^^^^^^^^^^^^^^^^^
    )
    ^
  File "C:\Users\ayomc\Desktop\FLIPTRYBE.inc\Fliptrybe\backend\.venv\Lib\site-packages\sqlalchemy\engine\base.py", line 2363, in _handle_dbapi_exception
    raise sqlalchemy_exception.with_traceback(exc_info[2]) from e
  File "C:\Users\ayomc\Desktop\FLIPTRYBE.inc\Fliptrybe\backend\.venv\Lib\site-packages\sqlalchemy\engine\base.py", line 1967, in _exec_single_context
    self.dialect.do_execute(
    ~~~~~~~~~~~~~~~~~~~~~~~^
        cursor, str_statement, effective_parameters, context
        ^^^^^^^^^^^^^^^^^^^^^^^^^^^^^^^^^^^^^^^^^^^^^^^^^^^^
    )
    ^
  File "C:\Users\ayomc\Desktop\FLIPTRYBE.inc\Fliptrybe\backend\.venv\Lib\site-packages\sqlalchemy\engine\default.py", line 952, in do_execute
    cursor.execute(statement, parameters)
    ~~~~~~~~~~~~~~^^^^^^^^^^^^^^^^^^^^^^^
sqlalchemy.exc.OperationalError: (sqlite3.OperationalError) no such column: autopilot_settings.last_wallet_reconcile_at
[SQL: SELECT autopilot_settings.id AS autopilot_settings_id, autopilot_settings.enabled AS autopilot_settings_enabled, autopilot_settings.last_run_at AS autopilot_settings_last_run_at, autopilot_settings.last_wallet_reconcile_at AS autopilot_settings_last_wallet_reconcile_at, autopilot_settings.created_at AS autopilot_settings_created_at 
FROM autopilot_settings
 LIMIT ? OFFSET ?]
[parameters: (1, 0)]
(Background on this error at: https://sqlalche.me/e/20/e3q8)
127.0.0.1 - - [06/Feb/2026 03:49:55] "GET /api/admin/autopilot HTTP/1.1" 500 -
[2026-02-06 03:49:55,407] ERROR in app: Exception on /api/admin/autopilot/toggle [POST]
Traceback (most recent call last):
  File "C:\Users\ayomc\Desktop\FLIPTRYBE.inc\Fliptrybe\backend\.venv\Lib\site-packages\sqlalchemy\engine\base.py", line 1967, in _exec_single_context
    self.dialect.do_execute(
    ~~~~~~~~~~~~~~~~~~~~~~~^
        cursor, str_statement, effective_parameters, context
        ^^^^^^^^^^^^^^^^^^^^^^^^^^^^^^^^^^^^^^^^^^^^^^^^^^^^
    )
    ^
  File "C:\Users\ayomc\Desktop\FLIPTRYBE.inc\Fliptrybe\backend\.venv\Lib\site-packages\sqlalchemy\engine\default.py", line 952, in do_execute
    cursor.execute(statement, parameters)
    ~~~~~~~~~~~~~~^^^^^^^^^^^^^^^^^^^^^^^
sqlite3.OperationalError: no such column: autopilot_settings.last_wallet_reconcile_at

The above exception was the direct cause of the following exception:

Traceback (most recent call last):
  File "C:\Users\ayomc\Desktop\FLIPTRYBE.inc\Fliptrybe\backend\.venv\Lib\site-packages\flask\app.py", line 1473, in wsgi_app
    response = self.full_dispatch_request()
  File "C:\Users\ayomc\Desktop\FLIPTRYBE.inc\Fliptrybe\backend\.venv\Lib\site-packages\flask\app.py", line 882, in full_dispatch_request
    rv = self.handle_user_exception(e)
  File "C:\Users\ayomc\Desktop\FLIPTRYBE.inc\Fliptrybe\backend\.venv\Lib\site-packages\flask_cors\extension.py", line 178, in wrapped_function
    return cors_after_request(app.make_response(f(*args, **kwargs)))
                                                ~^^^^^^^^^^^^^^^^^
  File "C:\Users\ayomc\Desktop\FLIPTRYBE.inc\Fliptrybe\backend\.venv\Lib\site-packages\flask\app.py", line 880, in full_dispatch_request
    rv = self.dispatch_request()
  File "C:\Users\ayomc\Desktop\FLIPTRYBE.inc\Fliptrybe\backend\.venv\Lib\site-packages\flask\app.py", line 865, in dispatch_request
    return self.ensure_sync(self.view_functions[rule.endpoint])(**view_args)  # type: ignore[no-any-return]
           ~~~~~~~~~~~~~~~~~~~~~~~~~~~~~~~~~~~~~~~~~~~~~~~~~~~~^^^^^^^^^^^^^
  File "C:\Users\ayomc\Desktop\FLIPTRYBE.inc\Fliptrybe\backend\app\segments\segment_autopilot.py", line 76, in toggle
    s = get_settings()
  File "C:\Users\ayomc\Desktop\FLIPTRYBE.inc\Fliptrybe\backend\app\utils\autopilot.py", line 12, in get_settings
    row = AutopilotSettings.query.first()
  File "C:\Users\ayomc\Desktop\FLIPTRYBE.inc\Fliptrybe\backend\.venv\Lib\site-packages\sqlalchemy\orm\query.py", line 2759, in first
    return self.limit(1)._iter().first()  # type: ignore
           ~~~~~~~~~~~~~~~~~~~^^
  File "C:\Users\ayomc\Desktop\FLIPTRYBE.inc\Fliptrybe\backend\.venv\Lib\site-packages\sqlalchemy\orm\query.py", line 2857, in _iter
    result: Union[ScalarResult[_T], Result[_T]] = self.session.execute(
                                                  ~~~~~~~~~~~~~~~~~~~~^
        statement,
        ^^^^^^^^^^
        params,
        ^^^^^^^
        execution_options={"_sa_orm_load_options": self.load_options},
        ^^^^^^^^^^^^^^^^^^^^^^^^^^^^^^^^^^^^^^^^^^^^^^^^^^^^^^^^^^^^^^
    )
    ^
  File "C:\Users\ayomc\Desktop\FLIPTRYBE.inc\Fliptrybe\backend\.venv\Lib\site-packages\sqlalchemy\orm\session.py", line 2351, in execute
    return self._execute_internal(
           ~~~~~~~~~~~~~~~~~~~~~~^
        statement,
        ^^^^^^^^^^
    ...<4 lines>...
        _add_event=_add_event,
        ^^^^^^^^^^^^^^^^^^^^^^
    )
    ^
  File "C:\Users\ayomc\Desktop\FLIPTRYBE.inc\Fliptrybe\backend\.venv\Lib\site-packages\sqlalchemy\orm\session.py", line 2249, in _execute_internal
    result: Result[Any] = compile_state_cls.orm_execute_statement(
                          ~~~~~~~~~~~~~~~~~~~~~~~~~~~~~~~~~~~~~~~^
        self,
        ^^^^^
    ...<4 lines>...
        conn,
        ^^^^^
    )
    ^
  File "C:\Users\ayomc\Desktop\FLIPTRYBE.inc\Fliptrybe\backend\.venv\Lib\site-packages\sqlalchemy\orm\context.py", line 306, in orm_execute_statement
    result = conn.execute(
        statement, params or {}, execution_options=execution_options
    )
  File "C:\Users\ayomc\Desktop\FLIPTRYBE.inc\Fliptrybe\backend\.venv\Lib\site-packages\sqlalchemy\engine\base.py", line 1419, in execute
    return meth(
        self,
        distilled_parameters,
        execution_options or NO_OPTIONS,
    )
  File "C:\Users\ayomc\Desktop\FLIPTRYBE.inc\Fliptrybe\backend\.venv\Lib\site-packages\sqlalchemy\sql\elements.py", line 527, in _execute_on_connection
    return connection._execute_clauseelement(
           ~~~~~~~~~~~~~~~~~~~~~~~~~~~~~~~~~^
        self, distilled_params, execution_options
        ^^^^^^^^^^^^^^^^^^^^^^^^^^^^^^^^^^^^^^^^^
    )
    ^
  File "C:\Users\ayomc\Desktop\FLIPTRYBE.inc\Fliptrybe\backend\.venv\Lib\site-packages\sqlalchemy\engine\base.py", line 1641, in _execute_clauseelement
    ret = self._execute_context(
        dialect,
    ...<8 lines>...
        cache_hit=cache_hit,
    )
  File "C:\Users\ayomc\Desktop\FLIPTRYBE.inc\Fliptrybe\backend\.venv\Lib\site-packages\sqlalchemy\engine\base.py", line 1846, in _execute_context
    return self._exec_single_context(
           ~~~~~~~~~~~~~~~~~~~~~~~~~^
        dialect, context, statement, parameters
        ^^^^^^^^^^^^^^^^^^^^^^^^^^^^^^^^^^^^^^^
    )
    ^
  File "C:\Users\ayomc\Desktop\FLIPTRYBE.inc\Fliptrybe\backend\.venv\Lib\site-packages\sqlalchemy\engine\base.py", line 1986, in _exec_single_context
    self._handle_dbapi_exception(
    ~~~~~~~~~~~~~~~~~~~~~~~~~~~~^
        e, str_statement, effective_parameters, cursor, context
        ^^^^^^^^^^^^^^^^^^^^^^^^^^^^^^^^^^^^^^^^^^^^^^^^^^^^^^^
    )
    ^
  File "C:\Users\ayomc\Desktop\FLIPTRYBE.inc\Fliptrybe\backend\.venv\Lib\site-packages\sqlalchemy\engine\base.py", line 2363, in _handle_dbapi_exception
    raise sqlalchemy_exception.with_traceback(exc_info[2]) from e
  File "C:\Users\ayomc\Desktop\FLIPTRYBE.inc\Fliptrybe\backend\.venv\Lib\site-packages\sqlalchemy\engine\base.py", line 1967, in _exec_single_context
    self.dialect.do_execute(
    ~~~~~~~~~~~~~~~~~~~~~~~^
        cursor, str_statement, effective_parameters, context
        ^^^^^^^^^^^^^^^^^^^^^^^^^^^^^^^^^^^^^^^^^^^^^^^^^^^^
    )
    ^
  File "C:\Users\ayomc\Desktop\FLIPTRYBE.inc\Fliptrybe\backend\.venv\Lib\site-packages\sqlalchemy\engine\default.py", line 952, in do_execute
    cursor.execute(statement, parameters)
    ~~~~~~~~~~~~~~^^^^^^^^^^^^^^^^^^^^^^^
sqlalchemy.exc.OperationalError: (sqlite3.OperationalError) no such column: autopilot_settings.last_wallet_reconcile_at
[SQL: SELECT autopilot_settings.id AS autopilot_settings_id, autopilot_settings.enabled AS autopilot_settings_enabled, autopilot_settings.last_run_at AS autopilot_settings_last_run_at, autopilot_settings.last_wallet_reconcile_at AS autopilot_settings_last_wallet_reconcile_at, autopilot_settings.created_at AS autopilot_settings_created_at 
FROM autopilot_settings
 LIMIT ? OFFSET ?]
[parameters: (1, 0)]
(Background on this error at: https://sqlalche.me/e/20/e3q8)
127.0.0.1 - - [06/Feb/2026 03:49:55] "POST /api/admin/autopilot/toggle HTTP/1.1" 500 -
[2026-02-06 03:49:55,447] ERROR in app: Exception on /api/admin/autopilot/tick [POST]
Traceback (most recent call last):
  File "C:\Users\ayomc\Desktop\FLIPTRYBE.inc\Fliptrybe\backend\.venv\Lib\site-packages\sqlalchemy\engine\base.py", line 1967, in _exec_single_context
    self.dialect.do_execute(
    ~~~~~~~~~~~~~~~~~~~~~~~^
        cursor, str_statement, effective_parameters, context
        ^^^^^^^^^^^^^^^^^^^^^^^^^^^^^^^^^^^^^^^^^^^^^^^^^^^^
    )
    ^
  File "C:\Users\ayomc\Desktop\FLIPTRYBE.inc\Fliptrybe\backend\.venv\Lib\site-packages\sqlalchemy\engine\default.py", line 952, in do_execute
    cursor.execute(statement, parameters)
    ~~~~~~~~~~~~~~^^^^^^^^^^^^^^^^^^^^^^^
sqlite3.OperationalError: no such column: autopilot_settings.last_wallet_reconcile_at

The above exception was the direct cause of the following exception:

Traceback (most recent call last):
  File "C:\Users\ayomc\Desktop\FLIPTRYBE.inc\Fliptrybe\backend\.venv\Lib\site-packages\flask\app.py", line 1473, in wsgi_app
    response = self.full_dispatch_request()
  File "C:\Users\ayomc\Desktop\FLIPTRYBE.inc\Fliptrybe\backend\.venv\Lib\site-packages\flask\app.py", line 882, in full_dispatch_request
    rv = self.handle_user_exception(e)
  File "C:\Users\ayomc\Desktop\FLIPTRYBE.inc\Fliptrybe\backend\.venv\Lib\site-packages\flask_cors\extension.py", line 178, in wrapped_function
    return cors_after_request(app.make_response(f(*args, **kwargs)))
                                                ~^^^^^^^^^^^^^^^^^
  File "C:\Users\ayomc\Desktop\FLIPTRYBE.inc\Fliptrybe\backend\.venv\Lib\site-packages\flask\app.py", line 880, in full_dispatch_request
    rv = self.dispatch_request()
  File "C:\Users\ayomc\Desktop\FLIPTRYBE.inc\Fliptrybe\backend\.venv\Lib\site-packages\flask\app.py", line 865, in dispatch_request
    return self.ensure_sync(self.view_functions[rule.endpoint])(**view_args)  # type: ignore[no-any-return]
           ~~~~~~~~~~~~~~~~~~~~~~~~~~~~~~~~~~~~~~~~~~~~~~~~~~~~^^^^^^^^^^^^^
  File "C:\Users\ayomc\Desktop\FLIPTRYBE.inc\Fliptrybe\backend\app\segments\segment_autopilot.py", line 92, in manual_tick
    res = tick()
  File "C:\Users\ayomc\Desktop\FLIPTRYBE.inc\Fliptrybe\backend\app\utils\autopilot.py", line 236, in tick
    settings = get_settings()
  File "C:\Users\ayomc\Desktop\FLIPTRYBE.inc\Fliptrybe\backend\app\utils\autopilot.py", line 12, in get_settings
    row = AutopilotSettings.query.first()
  File "C:\Users\ayomc\Desktop\FLIPTRYBE.inc\Fliptrybe\backend\.venv\Lib\site-packages\sqlalchemy\orm\query.py", line 2759, in first
    return self.limit(1)._iter().first()  # type: ignore
           ~~~~~~~~~~~~~~~~~~~^^
  File "C:\Users\ayomc\Desktop\FLIPTRYBE.inc\Fliptrybe\backend\.venv\Lib\site-packages\sqlalchemy\orm\query.py", line 2857, in _iter
    result: Union[ScalarResult[_T], Result[_T]] = self.session.execute(
                                                  ~~~~~~~~~~~~~~~~~~~~^
        statement,
        ^^^^^^^^^^
        params,
        ^^^^^^^
        execution_options={"_sa_orm_load_options": self.load_options},
        ^^^^^^^^^^^^^^^^^^^^^^^^^^^^^^^^^^^^^^^^^^^^^^^^^^^^^^^^^^^^^^
    )
    ^
  File "C:\Users\ayomc\Desktop\FLIPTRYBE.inc\Fliptrybe\backend\.venv\Lib\site-packages\sqlalchemy\orm\session.py", line 2351, in execute
    return self._execute_internal(
           ~~~~~~~~~~~~~~~~~~~~~~^
        statement,
        ^^^^^^^^^^
    ...<4 lines>...
        _add_event=_add_event,
        ^^^^^^^^^^^^^^^^^^^^^^
    )
    ^
  File "C:\Users\ayomc\Desktop\FLIPTRYBE.inc\Fliptrybe\backend\.venv\Lib\site-packages\sqlalchemy\orm\session.py", line 2249, in _execute_internal
    result: Result[Any] = compile_state_cls.orm_execute_statement(
                          ~~~~~~~~~~~~~~~~~~~~~~~~~~~~~~~~~~~~~~~^
        self,
        ^^^^^
    ...<4 lines>...
        conn,
        ^^^^^
    )
    ^
  File "C:\Users\ayomc\Desktop\FLIPTRYBE.inc\Fliptrybe\backend\.venv\Lib\site-packages\sqlalchemy\orm\context.py", line 306, in orm_execute_statement
    result = conn.execute(
        statement, params or {}, execution_options=execution_options
    )
  File "C:\Users\ayomc\Desktop\FLIPTRYBE.inc\Fliptrybe\backend\.venv\Lib\site-packages\sqlalchemy\engine\base.py", line 1419, in execute
    return meth(
        self,
        distilled_parameters,
        execution_options or NO_OPTIONS,
    )
  File "C:\Users\ayomc\Desktop\FLIPTRYBE.inc\Fliptrybe\backend\.venv\Lib\site-packages\sqlalchemy\sql\elements.py", line 527, in _execute_on_connection
    return connection._execute_clauseelement(
           ~~~~~~~~~~~~~~~~~~~~~~~~~~~~~~~~~^
        self, distilled_params, execution_options
        ^^^^^^^^^^^^^^^^^^^^^^^^^^^^^^^^^^^^^^^^^
    )
    ^
  File "C:\Users\ayomc\Desktop\FLIPTRYBE.inc\Fliptrybe\backend\.venv\Lib\site-packages\sqlalchemy\engine\base.py", line 1641, in _execute_clauseelement
    ret = self._execute_context(
        dialect,
    ...<8 lines>...
        cache_hit=cache_hit,
    )
  File "C:\Users\ayomc\Desktop\FLIPTRYBE.inc\Fliptrybe\backend\.venv\Lib\site-packages\sqlalchemy\engine\base.py", line 1846, in _execute_context
    return self._exec_single_context(
           ~~~~~~~~~~~~~~~~~~~~~~~~~^
        dialect, context, statement, parameters
        ^^^^^^^^^^^^^^^^^^^^^^^^^^^^^^^^^^^^^^^
    )
    ^
  File "C:\Users\ayomc\Desktop\FLIPTRYBE.inc\Fliptrybe\backend\.venv\Lib\site-packages\sqlalchemy\engine\base.py", line 1986, in _exec_single_context
    self._handle_dbapi_exception(
    ~~~~~~~~~~~~~~~~~~~~~~~~~~~~^
        e, str_statement, effective_parameters, cursor, context
        ^^^^^^^^^^^^^^^^^^^^^^^^^^^^^^^^^^^^^^^^^^^^^^^^^^^^^^^
    )
    ^
  File "C:\Users\ayomc\Desktop\FLIPTRYBE.inc\Fliptrybe\backend\.venv\Lib\site-packages\sqlalchemy\engine\base.py", line 2363, in _handle_dbapi_exception
    raise sqlalchemy_exception.with_traceback(exc_info[2]) from e
  File "C:\Users\ayomc\Desktop\FLIPTRYBE.inc\Fliptrybe\backend\.venv\Lib\site-packages\sqlalchemy\engine\base.py", line 1967, in _exec_single_context
    self.dialect.do_execute(
    ~~~~~~~~~~~~~~~~~~~~~~~^
        cursor, str_statement, effective_parameters, context
        ^^^^^^^^^^^^^^^^^^^^^^^^^^^^^^^^^^^^^^^^^^^^^^^^^^^^
    )
    ^
  File "C:\Users\ayomc\Desktop\FLIPTRYBE.inc\Fliptrybe\backend\.venv\Lib\site-packages\sqlalchemy\engine\default.py", line 952, in do_execute
    cursor.execute(statement, parameters)
    ~~~~~~~~~~~~~~^^^^^^^^^^^^^^^^^^^^^^^
sqlalchemy.exc.OperationalError: (sqlite3.OperationalError) no such column: autopilot_settings.last_wallet_reconcile_at
[SQL: SELECT autopilot_settings.id AS autopilot_settings_id, autopilot_settings.enabled AS autopilot_settings_enabled, autopilot_settings.last_run_at AS autopilot_settings_last_run_at, autopilot_settings.last_wallet_reconcile_at AS autopilot_settings_last_wallet_reconcile_at, autopilot_settings.created_at AS autopilot_settings_created_at 
FROM autopilot_settings
 LIMIT ? OFFSET ?]
[parameters: (1, 0)]
(Background on this error at: https://sqlalche.me/e/20/e3q8)
127.0.0.1 - - [06/Feb/2026 03:49:55] "POST /api/admin/autopilot/tick HTTP/1.1" 500 -
127.0.0.1 - - [06/Feb/2026 03:49:55] "POST /api/orders HTTP/1.1" 201 -
127.0.0.1 - - [06/Feb/2026 03:49:56] "POST /api/availability/confirm HTTP/1.1" 200 -
127.0.0.1 - - [06/Feb/2026 03:49:56] "POST /api/orders/43/fulfillment HTTP/1.1" 200 -
127.0.0.1 - - [06/Feb/2026 03:49:56] "POST /api/orders/43/merchant/accept HTTP/1.1" 200 -
127.0.0.1 - - [06/Feb/2026 03:49:56] "POST /api/orders/43/driver/assign HTTP/1.1" 200 -
127.0.0.1 - - [06/Feb/2026 03:49:56] "POST /api/orders/43/qr/issue HTTP/1.1" 200 -
127.0.0.1 - - [06/Feb/2026 03:49:56] "POST /api/orders/43/qr/scan HTTP/1.1" 200 -
